INFO:root:
Selector: Main Strategy
| Sequence: Defend Under Threat
| | Check: is_any_planet_under_threat
| | Action: reinforce_if_under_threat
| Sequence: Safe Attack
| | Check: can_safely_attack
| | Action: smart_attack_enemy_planet
| Sequence: Smart Spread to Neutral
| | Check: if_neutral_planet_available
| | Action: spread_to_nearest_capturable_neutral
| Action: do_nothing

DEBUG:root:Executing:Selector: Main Strategy
DEBUG:root:Executing:Sequence: Defend Under Threat
DEBUG:root:Executing:Check: is_any_planet_under_threat
DEBUG:root:Result: Check: is_any_planet_under_threat -> Failure
DEBUG:root:Result: Sequence: Defend Under Threat -> Failure
DEBUG:root:Executing:Sequence: Safe Attack
DEBUG:root:Executing:Check: can_safely_attack
DEBUG:root:Result: Check: can_safely_attack -> Failure
DEBUG:root:Result: Sequence: Safe Attack -> Failure
DEBUG:root:Executing:Sequence: Smart Spread to Neutral
DEBUG:root:Executing:Check: if_neutral_planet_available
DEBUG:root:Result: Check: if_neutral_planet_available -> Success
DEBUG:root:Executing:Action: spread_to_nearest_capturable_neutral
DEBUG:root:Order:1 10 85
DEBUG:root:Result: Action: spread_to_nearest_capturable_neutral -> Success
DEBUG:root:Result: Sequence: Smart Spread to Neutral -> Success
DEBUG:root:Result: Selector: Main Strategy -> Success
DEBUG:root:Finish turn

DEBUG:root:Executing:Selector: Main Strategy
DEBUG:root:Executing:Sequence: Defend Under Threat
DEBUG:root:Executing:Check: is_any_planet_under_threat
DEBUG:root:Result: Check: is_any_planet_under_threat -> Failure
DEBUG:root:Result: Sequence: Defend Under Threat -> Failure
DEBUG:root:Executing:Sequence: Safe Attack
DEBUG:root:Executing:Check: can_safely_attack
DEBUG:root:Result: Check: can_safely_attack -> Failure
DEBUG:root:Result: Sequence: Safe Attack -> Failure
DEBUG:root:Executing:Sequence: Smart Spread to Neutral
DEBUG:root:Executing:Check: if_neutral_planet_available
DEBUG:root:Result: Check: if_neutral_planet_available -> Success
DEBUG:root:Executing:Action: spread_to_nearest_capturable_neutral
DEBUG:root:Order:1 18 5
DEBUG:root:Result: Action: spread_to_nearest_capturable_neutral -> Success
DEBUG:root:Result: Sequence: Smart Spread to Neutral -> Success
DEBUG:root:Result: Selector: Main Strategy -> Success
DEBUG:root:Finish turn

DEBUG:root:Executing:Selector: Main Strategy
DEBUG:root:Executing:Sequence: Defend Under Threat
DEBUG:root:Executing:Check: is_any_planet_under_threat
DEBUG:root:Result: Check: is_any_planet_under_threat -> Failure
DEBUG:root:Result: Sequence: Defend Under Threat -> Failure
DEBUG:root:Executing:Sequence: Safe Attack
DEBUG:root:Executing:Check: can_safely_attack
DEBUG:root:Result: Check: can_safely_attack -> Failure
DEBUG:root:Result: Sequence: Safe Attack -> Failure
DEBUG:root:Executing:Sequence: Smart Spread to Neutral
DEBUG:root:Executing:Check: if_neutral_planet_available
DEBUG:root:Result: Check: if_neutral_planet_available -> Success
DEBUG:root:Executing:Action: spread_to_nearest_capturable_neutral
DEBUG:root:Order:1 12 13
DEBUG:root:Result: Action: spread_to_nearest_capturable_neutral -> Success
DEBUG:root:Result: Sequence: Smart Spread to Neutral -> Success
DEBUG:root:Result: Selector: Main Strategy -> Success
DEBUG:root:Finish turn

DEBUG:root:Executing:Selector: Main Strategy
DEBUG:root:Executing:Sequence: Defend Under Threat
DEBUG:root:Executing:Check: is_any_planet_under_threat
DEBUG:root:Result: Check: is_any_planet_under_threat -> Failure
DEBUG:root:Result: Sequence: Defend Under Threat -> Failure
DEBUG:root:Executing:Sequence: Safe Attack
DEBUG:root:Executing:Check: can_safely_attack
DEBUG:root:Result: Check: can_safely_attack -> Failure
DEBUG:root:Result: Sequence: Safe Attack -> Failure
DEBUG:root:Executing:Sequence: Smart Spread to Neutral
DEBUG:root:Executing:Check: if_neutral_planet_available
DEBUG:root:Result: Check: if_neutral_planet_available -> Success
DEBUG:root:Executing:Action: spread_to_nearest_capturable_neutral
DEBUG:root:Result: Action: spread_to_nearest_capturable_neutral -> Failure
DEBUG:root:Result: Sequence: Smart Spread to Neutral -> Failure
DEBUG:root:Executing:Action: do_nothing
DEBUG:root:Result: Action: do_nothing -> Success
DEBUG:root:Result: Selector: Main Strategy -> Success
DEBUG:root:Finish turn

DEBUG:root:Executing:Selector: Main Strategy
DEBUG:root:Executing:Sequence: Defend Under Threat
DEBUG:root:Executing:Check: is_any_planet_under_threat
DEBUG:root:Result: Check: is_any_planet_under_threat -> Failure
DEBUG:root:Result: Sequence: Defend Under Threat -> Failure
DEBUG:root:Executing:Sequence: Safe Attack
DEBUG:root:Executing:Check: can_safely_attack
DEBUG:root:Result: Check: can_safely_attack -> Failure
DEBUG:root:Result: Sequence: Safe Attack -> Failure
DEBUG:root:Executing:Sequence: Smart Spread to Neutral
DEBUG:root:Executing:Check: if_neutral_planet_available
DEBUG:root:Result: Check: if_neutral_planet_available -> Success
DEBUG:root:Executing:Action: spread_to_nearest_capturable_neutral
DEBUG:root:Result: Action: spread_to_nearest_capturable_neutral -> Failure
DEBUG:root:Result: Sequence: Smart Spread to Neutral -> Failure
DEBUG:root:Executing:Action: do_nothing
DEBUG:root:Result: Action: do_nothing -> Success
DEBUG:root:Result: Selector: Main Strategy -> Success
DEBUG:root:Finish turn

DEBUG:root:Executing:Selector: Main Strategy
DEBUG:root:Executing:Sequence: Defend Under Threat
DEBUG:root:Executing:Check: is_any_planet_under_threat
DEBUG:root:Result: Check: is_any_planet_under_threat -> Failure
DEBUG:root:Result: Sequence: Defend Under Threat -> Failure
DEBUG:root:Executing:Sequence: Safe Attack
DEBUG:root:Executing:Check: can_safely_attack
DEBUG:root:Result: Check: can_safely_attack -> Failure
DEBUG:root:Result: Sequence: Safe Attack -> Failure
DEBUG:root:Executing:Sequence: Smart Spread to Neutral
DEBUG:root:Executing:Check: if_neutral_planet_available
DEBUG:root:Result: Check: if_neutral_planet_available -> Success
DEBUG:root:Executing:Action: spread_to_nearest_capturable_neutral
DEBUG:root:Result: Action: spread_to_nearest_capturable_neutral -> Failure
DEBUG:root:Result: Sequence: Smart Spread to Neutral -> Failure
DEBUG:root:Executing:Action: do_nothing
DEBUG:root:Result: Action: do_nothing -> Success
DEBUG:root:Result: Selector: Main Strategy -> Success
DEBUG:root:Finish turn

DEBUG:root:Executing:Selector: Main Strategy
DEBUG:root:Executing:Sequence: Defend Under Threat
DEBUG:root:Executing:Check: is_any_planet_under_threat
DEBUG:root:Result: Check: is_any_planet_under_threat -> Failure
DEBUG:root:Result: Sequence: Defend Under Threat -> Failure
DEBUG:root:Executing:Sequence: Safe Attack
DEBUG:root:Executing:Check: can_safely_attack
DEBUG:root:Result: Check: can_safely_attack -> Failure
DEBUG:root:Result: Sequence: Safe Attack -> Failure
DEBUG:root:Executing:Sequence: Smart Spread to Neutral
DEBUG:root:Executing:Check: if_neutral_planet_available
DEBUG:root:Result: Check: if_neutral_planet_available -> Success
DEBUG:root:Executing:Action: spread_to_nearest_capturable_neutral
DEBUG:root:Order:1 6 23
DEBUG:root:Result: Action: spread_to_nearest_capturable_neutral -> Success
DEBUG:root:Result: Sequence: Smart Spread to Neutral -> Success
DEBUG:root:Result: Selector: Main Strategy -> Success
DEBUG:root:Finish turn

DEBUG:root:Executing:Selector: Main Strategy
DEBUG:root:Executing:Sequence: Defend Under Threat
DEBUG:root:Executing:Check: is_any_planet_under_threat
DEBUG:root:Result: Check: is_any_planet_under_threat -> Failure
DEBUG:root:Result: Sequence: Defend Under Threat -> Failure
DEBUG:root:Executing:Sequence: Safe Attack
DEBUG:root:Executing:Check: can_safely_attack
DEBUG:root:Result: Check: can_safely_attack -> Failure
DEBUG:root:Result: Sequence: Safe Attack -> Failure
DEBUG:root:Executing:Sequence: Smart Spread to Neutral
DEBUG:root:Executing:Check: if_neutral_planet_available
DEBUG:root:Result: Check: if_neutral_planet_available -> Success
DEBUG:root:Executing:Action: spread_to_nearest_capturable_neutral
DEBUG:root:Result: Action: spread_to_nearest_capturable_neutral -> Failure
DEBUG:root:Result: Sequence: Smart Spread to Neutral -> Failure
DEBUG:root:Executing:Action: do_nothing
DEBUG:root:Result: Action: do_nothing -> Success
DEBUG:root:Result: Selector: Main Strategy -> Success
DEBUG:root:Finish turn

DEBUG:root:Executing:Selector: Main Strategy
DEBUG:root:Executing:Sequence: Defend Under Threat
DEBUG:root:Executing:Check: is_any_planet_under_threat
DEBUG:root:Result: Check: is_any_planet_under_threat -> Failure
DEBUG:root:Result: Sequence: Defend Under Threat -> Failure
DEBUG:root:Executing:Sequence: Safe Attack
DEBUG:root:Executing:Check: can_safely_attack
DEBUG:root:Result: Check: can_safely_attack -> Failure
DEBUG:root:Result: Sequence: Safe Attack -> Failure
DEBUG:root:Executing:Sequence: Smart Spread to Neutral
DEBUG:root:Executing:Check: if_neutral_planet_available
DEBUG:root:Result: Check: if_neutral_planet_available -> Success
DEBUG:root:Executing:Action: spread_to_nearest_capturable_neutral
DEBUG:root:Result: Action: spread_to_nearest_capturable_neutral -> Failure
DEBUG:root:Result: Sequence: Smart Spread to Neutral -> Failure
DEBUG:root:Executing:Action: do_nothing
DEBUG:root:Result: Action: do_nothing -> Success
DEBUG:root:Result: Selector: Main Strategy -> Success
DEBUG:root:Finish turn

DEBUG:root:Executing:Selector: Main Strategy
DEBUG:root:Executing:Sequence: Defend Under Threat
DEBUG:root:Executing:Check: is_any_planet_under_threat
DEBUG:root:Result: Check: is_any_planet_under_threat -> Failure
DEBUG:root:Result: Sequence: Defend Under Threat -> Failure
DEBUG:root:Executing:Sequence: Safe Attack
DEBUG:root:Executing:Check: can_safely_attack
DEBUG:root:Result: Check: can_safely_attack -> Failure
DEBUG:root:Result: Sequence: Safe Attack -> Failure
DEBUG:root:Executing:Sequence: Smart Spread to Neutral
DEBUG:root:Executing:Check: if_neutral_planet_available
DEBUG:root:Result: Check: if_neutral_planet_available -> Success
DEBUG:root:Executing:Action: spread_to_nearest_capturable_neutral
DEBUG:root:Result: Action: spread_to_nearest_capturable_neutral -> Failure
DEBUG:root:Result: Sequence: Smart Spread to Neutral -> Failure
DEBUG:root:Executing:Action: do_nothing
DEBUG:root:Result: Action: do_nothing -> Success
DEBUG:root:Result: Selector: Main Strategy -> Success
DEBUG:root:Finish turn

DEBUG:root:Executing:Selector: Main Strategy
DEBUG:root:Executing:Sequence: Defend Under Threat
DEBUG:root:Executing:Check: is_any_planet_under_threat
DEBUG:root:Result: Check: is_any_planet_under_threat -> Failure
DEBUG:root:Result: Sequence: Defend Under Threat -> Failure
DEBUG:root:Executing:Sequence: Safe Attack
DEBUG:root:Executing:Check: can_safely_attack
DEBUG:root:Result: Check: can_safely_attack -> Failure
DEBUG:root:Result: Sequence: Safe Attack -> Failure
DEBUG:root:Executing:Sequence: Smart Spread to Neutral
DEBUG:root:Executing:Check: if_neutral_planet_available
DEBUG:root:Result: Check: if_neutral_planet_available -> Success
DEBUG:root:Executing:Action: spread_to_nearest_capturable_neutral
DEBUG:root:Result: Action: spread_to_nearest_capturable_neutral -> Failure
DEBUG:root:Result: Sequence: Smart Spread to Neutral -> Failure
DEBUG:root:Executing:Action: do_nothing
DEBUG:root:Result: Action: do_nothing -> Success
DEBUG:root:Result: Selector: Main Strategy -> Success
DEBUG:root:Finish turn

DEBUG:root:Executing:Selector: Main Strategy
DEBUG:root:Executing:Sequence: Defend Under Threat
DEBUG:root:Executing:Check: is_any_planet_under_threat
DEBUG:root:Result: Check: is_any_planet_under_threat -> Failure
DEBUG:root:Result: Sequence: Defend Under Threat -> Failure
DEBUG:root:Executing:Sequence: Safe Attack
DEBUG:root:Executing:Check: can_safely_attack
DEBUG:root:Result: Check: can_safely_attack -> Failure
DEBUG:root:Result: Sequence: Safe Attack -> Failure
DEBUG:root:Executing:Sequence: Smart Spread to Neutral
DEBUG:root:Executing:Check: if_neutral_planet_available
DEBUG:root:Result: Check: if_neutral_planet_available -> Success
DEBUG:root:Executing:Action: spread_to_nearest_capturable_neutral
DEBUG:root:Result: Action: spread_to_nearest_capturable_neutral -> Failure
DEBUG:root:Result: Sequence: Smart Spread to Neutral -> Failure
DEBUG:root:Executing:Action: do_nothing
DEBUG:root:Result: Action: do_nothing -> Success
DEBUG:root:Result: Selector: Main Strategy -> Success
DEBUG:root:Finish turn

DEBUG:root:Executing:Selector: Main Strategy
DEBUG:root:Executing:Sequence: Defend Under Threat
DEBUG:root:Executing:Check: is_any_planet_under_threat
DEBUG:root:Result: Check: is_any_planet_under_threat -> Failure
DEBUG:root:Result: Sequence: Defend Under Threat -> Failure
DEBUG:root:Executing:Sequence: Safe Attack
DEBUG:root:Executing:Check: can_safely_attack
DEBUG:root:Result: Check: can_safely_attack -> Failure
DEBUG:root:Result: Sequence: Safe Attack -> Failure
DEBUG:root:Executing:Sequence: Smart Spread to Neutral
DEBUG:root:Executing:Check: if_neutral_planet_available
DEBUG:root:Result: Check: if_neutral_planet_available -> Success
DEBUG:root:Executing:Action: spread_to_nearest_capturable_neutral
DEBUG:root:Result: Action: spread_to_nearest_capturable_neutral -> Failure
DEBUG:root:Result: Sequence: Smart Spread to Neutral -> Failure
DEBUG:root:Executing:Action: do_nothing
DEBUG:root:Result: Action: do_nothing -> Success
DEBUG:root:Result: Selector: Main Strategy -> Success
DEBUG:root:Finish turn

DEBUG:root:Executing:Selector: Main Strategy
DEBUG:root:Executing:Sequence: Defend Under Threat
DEBUG:root:Executing:Check: is_any_planet_under_threat
DEBUG:root:Result: Check: is_any_planet_under_threat -> Failure
DEBUG:root:Result: Sequence: Defend Under Threat -> Failure
DEBUG:root:Executing:Sequence: Safe Attack
DEBUG:root:Executing:Check: can_safely_attack
DEBUG:root:Result: Check: can_safely_attack -> Failure
DEBUG:root:Result: Sequence: Safe Attack -> Failure
DEBUG:root:Executing:Sequence: Smart Spread to Neutral
DEBUG:root:Executing:Check: if_neutral_planet_available
DEBUG:root:Result: Check: if_neutral_planet_available -> Success
DEBUG:root:Executing:Action: spread_to_nearest_capturable_neutral
DEBUG:root:Order:1 0 38
DEBUG:root:Result: Action: spread_to_nearest_capturable_neutral -> Success
DEBUG:root:Result: Sequence: Smart Spread to Neutral -> Success
DEBUG:root:Result: Selector: Main Strategy -> Success
DEBUG:root:Finish turn

DEBUG:root:Executing:Selector: Main Strategy
DEBUG:root:Executing:Sequence: Defend Under Threat
DEBUG:root:Executing:Check: is_any_planet_under_threat
DEBUG:root:Result: Check: is_any_planet_under_threat -> Failure
DEBUG:root:Result: Sequence: Defend Under Threat -> Failure
DEBUG:root:Executing:Sequence: Safe Attack
DEBUG:root:Executing:Check: can_safely_attack
DEBUG:root:Result: Check: can_safely_attack -> Failure
DEBUG:root:Result: Sequence: Safe Attack -> Failure
DEBUG:root:Executing:Sequence: Smart Spread to Neutral
DEBUG:root:Executing:Check: if_neutral_planet_available
DEBUG:root:Result: Check: if_neutral_planet_available -> Success
DEBUG:root:Executing:Action: spread_to_nearest_capturable_neutral
DEBUG:root:Result: Action: spread_to_nearest_capturable_neutral -> Failure
DEBUG:root:Result: Sequence: Smart Spread to Neutral -> Failure
DEBUG:root:Executing:Action: do_nothing
DEBUG:root:Result: Action: do_nothing -> Success
DEBUG:root:Result: Selector: Main Strategy -> Success
DEBUG:root:Finish turn

DEBUG:root:Executing:Selector: Main Strategy
DEBUG:root:Executing:Sequence: Defend Under Threat
DEBUG:root:Executing:Check: is_any_planet_under_threat
DEBUG:root:Result: Check: is_any_planet_under_threat -> Failure
DEBUG:root:Result: Sequence: Defend Under Threat -> Failure
DEBUG:root:Executing:Sequence: Safe Attack
DEBUG:root:Executing:Check: can_safely_attack
DEBUG:root:Result: Check: can_safely_attack -> Failure
DEBUG:root:Result: Sequence: Safe Attack -> Failure
DEBUG:root:Executing:Sequence: Smart Spread to Neutral
DEBUG:root:Executing:Check: if_neutral_planet_available
DEBUG:root:Result: Check: if_neutral_planet_available -> Success
DEBUG:root:Executing:Action: spread_to_nearest_capturable_neutral
DEBUG:root:Result: Action: spread_to_nearest_capturable_neutral -> Failure
DEBUG:root:Result: Sequence: Smart Spread to Neutral -> Failure
DEBUG:root:Executing:Action: do_nothing
DEBUG:root:Result: Action: do_nothing -> Success
DEBUG:root:Result: Selector: Main Strategy -> Success
DEBUG:root:Finish turn

DEBUG:root:Executing:Selector: Main Strategy
DEBUG:root:Executing:Sequence: Defend Under Threat
DEBUG:root:Executing:Check: is_any_planet_under_threat
DEBUG:root:Result: Check: is_any_planet_under_threat -> Failure
DEBUG:root:Result: Sequence: Defend Under Threat -> Failure
DEBUG:root:Executing:Sequence: Safe Attack
DEBUG:root:Executing:Check: can_safely_attack
DEBUG:root:Result: Check: can_safely_attack -> Failure
DEBUG:root:Result: Sequence: Safe Attack -> Failure
DEBUG:root:Executing:Sequence: Smart Spread to Neutral
DEBUG:root:Executing:Check: if_neutral_planet_available
DEBUG:root:Result: Check: if_neutral_planet_available -> Success
DEBUG:root:Executing:Action: spread_to_nearest_capturable_neutral
DEBUG:root:Result: Action: spread_to_nearest_capturable_neutral -> Failure
DEBUG:root:Result: Sequence: Smart Spread to Neutral -> Failure
DEBUG:root:Executing:Action: do_nothing
DEBUG:root:Result: Action: do_nothing -> Success
DEBUG:root:Result: Selector: Main Strategy -> Success
DEBUG:root:Finish turn

DEBUG:root:Executing:Selector: Main Strategy
DEBUG:root:Executing:Sequence: Defend Under Threat
DEBUG:root:Executing:Check: is_any_planet_under_threat
DEBUG:root:Result: Check: is_any_planet_under_threat -> Success
DEBUG:root:Executing:Action: reinforce_if_under_threat
DEBUG:root:Order:1 6 4
DEBUG:root:Result: Action: reinforce_if_under_threat -> Success
DEBUG:root:Result: Sequence: Defend Under Threat -> Success
DEBUG:root:Result: Selector: Main Strategy -> Success
DEBUG:root:Finish turn

DEBUG:root:Executing:Selector: Main Strategy
DEBUG:root:Executing:Sequence: Defend Under Threat
DEBUG:root:Executing:Check: is_any_planet_under_threat
DEBUG:root:Result: Check: is_any_planet_under_threat -> Success
DEBUG:root:Executing:Action: reinforce_if_under_threat
DEBUG:root:Result: Action: reinforce_if_under_threat -> Failure
DEBUG:root:Result: Sequence: Defend Under Threat -> Failure
DEBUG:root:Executing:Sequence: Safe Attack
DEBUG:root:Executing:Check: can_safely_attack
DEBUG:root:Result: Check: can_safely_attack -> Failure
DEBUG:root:Result: Sequence: Safe Attack -> Failure
DEBUG:root:Executing:Sequence: Smart Spread to Neutral
DEBUG:root:Executing:Check: if_neutral_planet_available
DEBUG:root:Result: Check: if_neutral_planet_available -> Success
DEBUG:root:Executing:Action: spread_to_nearest_capturable_neutral
DEBUG:root:Result: Action: spread_to_nearest_capturable_neutral -> Failure
DEBUG:root:Result: Sequence: Smart Spread to Neutral -> Failure
DEBUG:root:Executing:Action: do_nothing
DEBUG:root:Result: Action: do_nothing -> Success
DEBUG:root:Result: Selector: Main Strategy -> Success
DEBUG:root:Finish turn

DEBUG:root:Executing:Selector: Main Strategy
DEBUG:root:Executing:Sequence: Defend Under Threat
DEBUG:root:Executing:Check: is_any_planet_under_threat
DEBUG:root:Result: Check: is_any_planet_under_threat -> Success
DEBUG:root:Executing:Action: reinforce_if_under_threat
DEBUG:root:Order:1 10 3
DEBUG:root:Result: Action: reinforce_if_under_threat -> Success
DEBUG:root:Result: Sequence: Defend Under Threat -> Success
DEBUG:root:Result: Selector: Main Strategy -> Success
DEBUG:root:Finish turn

DEBUG:root:Executing:Selector: Main Strategy
DEBUG:root:Executing:Sequence: Defend Under Threat
DEBUG:root:Executing:Check: is_any_planet_under_threat
DEBUG:root:Result: Check: is_any_planet_under_threat -> Success
DEBUG:root:Executing:Action: reinforce_if_under_threat
DEBUG:root:Result: Action: reinforce_if_under_threat -> Failure
DEBUG:root:Result: Sequence: Defend Under Threat -> Failure
DEBUG:root:Executing:Sequence: Safe Attack
DEBUG:root:Executing:Check: can_safely_attack
DEBUG:root:Result: Check: can_safely_attack -> Failure
DEBUG:root:Result: Sequence: Safe Attack -> Failure
DEBUG:root:Executing:Sequence: Smart Spread to Neutral
DEBUG:root:Executing:Check: if_neutral_planet_available
DEBUG:root:Result: Check: if_neutral_planet_available -> Success
DEBUG:root:Executing:Action: spread_to_nearest_capturable_neutral
DEBUG:root:Result: Action: spread_to_nearest_capturable_neutral -> Failure
DEBUG:root:Result: Sequence: Smart Spread to Neutral -> Failure
DEBUG:root:Executing:Action: do_nothing
DEBUG:root:Result: Action: do_nothing -> Success
DEBUG:root:Result: Selector: Main Strategy -> Success
DEBUG:root:Finish turn

DEBUG:root:Executing:Selector: Main Strategy
DEBUG:root:Executing:Sequence: Defend Under Threat
DEBUG:root:Executing:Check: is_any_planet_under_threat
DEBUG:root:Result: Check: is_any_planet_under_threat -> Success
DEBUG:root:Executing:Action: reinforce_if_under_threat
DEBUG:root:Result: Action: reinforce_if_under_threat -> Failure
DEBUG:root:Result: Sequence: Defend Under Threat -> Failure
DEBUG:root:Executing:Sequence: Safe Attack
DEBUG:root:Executing:Check: can_safely_attack
DEBUG:root:Result: Check: can_safely_attack -> Failure
DEBUG:root:Result: Sequence: Safe Attack -> Failure
DEBUG:root:Executing:Sequence: Smart Spread to Neutral
DEBUG:root:Executing:Check: if_neutral_planet_available
DEBUG:root:Result: Check: if_neutral_planet_available -> Success
DEBUG:root:Executing:Action: spread_to_nearest_capturable_neutral
DEBUG:root:Result: Action: spread_to_nearest_capturable_neutral -> Failure
DEBUG:root:Result: Sequence: Smart Spread to Neutral -> Failure
DEBUG:root:Executing:Action: do_nothing
DEBUG:root:Result: Action: do_nothing -> Success
DEBUG:root:Result: Selector: Main Strategy -> Success
DEBUG:root:Finish turn

DEBUG:root:Executing:Selector: Main Strategy
DEBUG:root:Executing:Sequence: Defend Under Threat
DEBUG:root:Executing:Check: is_any_planet_under_threat
DEBUG:root:Result: Check: is_any_planet_under_threat -> Success
DEBUG:root:Executing:Action: reinforce_if_under_threat
DEBUG:root:Result: Action: reinforce_if_under_threat -> Failure
DEBUG:root:Result: Sequence: Defend Under Threat -> Failure
DEBUG:root:Executing:Sequence: Safe Attack
DEBUG:root:Executing:Check: can_safely_attack
DEBUG:root:Result: Check: can_safely_attack -> Success
DEBUG:root:Executing:Action: smart_attack_enemy_planet
DEBUG:root:Order:12 17 23.0
DEBUG:root:Order:18 17 14.0
DEBUG:root:Order:1 17 25.0
DEBUG:root:Bad order:12 10.0 23.0
DEBUG:root:Bad order:18 10.0 14.0
DEBUG:root:Order:1 9 5.0
DEBUG:root:Bad order:18 10.0 14.0
DEBUG:root:Order:12 5 7.0
DEBUG:root:Result: Action: smart_attack_enemy_planet -> Success
DEBUG:root:Result: Sequence: Safe Attack -> Success
DEBUG:root:Result: Selector: Main Strategy -> Success
DEBUG:root:Finish turn

DEBUG:root:Executing:Selector: Main Strategy
DEBUG:root:Executing:Sequence: Defend Under Threat
DEBUG:root:Executing:Check: is_any_planet_under_threat
DEBUG:root:Result: Check: is_any_planet_under_threat -> Success
DEBUG:root:Executing:Action: reinforce_if_under_threat
DEBUG:root:Result: Action: reinforce_if_under_threat -> Failure
DEBUG:root:Result: Sequence: Defend Under Threat -> Failure
DEBUG:root:Executing:Sequence: Safe Attack
DEBUG:root:Executing:Check: can_safely_attack
DEBUG:root:Result: Check: can_safely_attack -> Failure
DEBUG:root:Result: Sequence: Safe Attack -> Failure
DEBUG:root:Executing:Sequence: Smart Spread to Neutral
DEBUG:root:Executing:Check: if_neutral_planet_available
DEBUG:root:Result: Check: if_neutral_planet_available -> Success
DEBUG:root:Executing:Action: spread_to_nearest_capturable_neutral
DEBUG:root:Result: Action: spread_to_nearest_capturable_neutral -> Failure
DEBUG:root:Result: Sequence: Smart Spread to Neutral -> Failure
DEBUG:root:Executing:Action: do_nothing
DEBUG:root:Result: Action: do_nothing -> Success
DEBUG:root:Result: Selector: Main Strategy -> Success
DEBUG:root:Finish turn

DEBUG:root:Executing:Selector: Main Strategy
DEBUG:root:Executing:Sequence: Defend Under Threat
DEBUG:root:Executing:Check: is_any_planet_under_threat
DEBUG:root:Result: Check: is_any_planet_under_threat -> Success
DEBUG:root:Executing:Action: reinforce_if_under_threat
DEBUG:root:Order:12 0 11.0
DEBUG:root:Order:18 0 1.0
DEBUG:root:Result: Action: reinforce_if_under_threat -> Success
DEBUG:root:Result: Sequence: Defend Under Threat -> Success
DEBUG:root:Result: Selector: Main Strategy -> Success
DEBUG:root:Finish turn

DEBUG:root:Executing:Selector: Main Strategy
DEBUG:root:Executing:Sequence: Defend Under Threat
DEBUG:root:Executing:Check: is_any_planet_under_threat
DEBUG:root:Result: Check: is_any_planet_under_threat -> Success
DEBUG:root:Executing:Action: reinforce_if_under_threat
DEBUG:root:Result: Action: reinforce_if_under_threat -> Failure
DEBUG:root:Result: Sequence: Defend Under Threat -> Failure
DEBUG:root:Executing:Sequence: Safe Attack
DEBUG:root:Executing:Check: can_safely_attack
DEBUG:root:Result: Check: can_safely_attack -> Failure
DEBUG:root:Result: Sequence: Safe Attack -> Failure
DEBUG:root:Executing:Sequence: Smart Spread to Neutral
DEBUG:root:Executing:Check: if_neutral_planet_available
DEBUG:root:Result: Check: if_neutral_planet_available -> Success
DEBUG:root:Executing:Action: spread_to_nearest_capturable_neutral
DEBUG:root:Result: Action: spread_to_nearest_capturable_neutral -> Failure
DEBUG:root:Result: Sequence: Smart Spread to Neutral -> Failure
DEBUG:root:Executing:Action: do_nothing
DEBUG:root:Result: Action: do_nothing -> Success
DEBUG:root:Result: Selector: Main Strategy -> Success
DEBUG:root:Finish turn

DEBUG:root:Executing:Selector: Main Strategy
DEBUG:root:Executing:Sequence: Defend Under Threat
DEBUG:root:Executing:Check: is_any_planet_under_threat
DEBUG:root:Result: Check: is_any_planet_under_threat -> Success
DEBUG:root:Executing:Action: reinforce_if_under_threat
DEBUG:root:Result: Action: reinforce_if_under_threat -> Failure
DEBUG:root:Result: Sequence: Defend Under Threat -> Failure
DEBUG:root:Executing:Sequence: Safe Attack
DEBUG:root:Executing:Check: can_safely_attack
DEBUG:root:Result: Check: can_safely_attack -> Failure
DEBUG:root:Result: Sequence: Safe Attack -> Failure
DEBUG:root:Executing:Sequence: Smart Spread to Neutral
DEBUG:root:Executing:Check: if_neutral_planet_available
DEBUG:root:Result: Check: if_neutral_planet_available -> Success
DEBUG:root:Executing:Action: spread_to_nearest_capturable_neutral
DEBUG:root:Result: Action: spread_to_nearest_capturable_neutral -> Failure
DEBUG:root:Result: Sequence: Smart Spread to Neutral -> Failure
DEBUG:root:Executing:Action: do_nothing
DEBUG:root:Result: Action: do_nothing -> Success
DEBUG:root:Result: Selector: Main Strategy -> Success
DEBUG:root:Finish turn

DEBUG:root:Executing:Selector: Main Strategy
DEBUG:root:Executing:Sequence: Defend Under Threat
DEBUG:root:Executing:Check: is_any_planet_under_threat
DEBUG:root:Result: Check: is_any_planet_under_threat -> Success
DEBUG:root:Executing:Action: reinforce_if_under_threat
DEBUG:root:Result: Action: reinforce_if_under_threat -> Failure
DEBUG:root:Result: Sequence: Defend Under Threat -> Failure
DEBUG:root:Executing:Sequence: Safe Attack
DEBUG:root:Executing:Check: can_safely_attack
DEBUG:root:Result: Check: can_safely_attack -> Failure
DEBUG:root:Result: Sequence: Safe Attack -> Failure
DEBUG:root:Executing:Sequence: Smart Spread to Neutral
DEBUG:root:Executing:Check: if_neutral_planet_available
DEBUG:root:Result: Check: if_neutral_planet_available -> Success
DEBUG:root:Executing:Action: spread_to_nearest_capturable_neutral
DEBUG:root:Result: Action: spread_to_nearest_capturable_neutral -> Failure
DEBUG:root:Result: Sequence: Smart Spread to Neutral -> Failure
DEBUG:root:Executing:Action: do_nothing
DEBUG:root:Result: Action: do_nothing -> Success
DEBUG:root:Result: Selector: Main Strategy -> Success
DEBUG:root:Finish turn

DEBUG:root:Executing:Selector: Main Strategy
DEBUG:root:Executing:Sequence: Defend Under Threat
DEBUG:root:Executing:Check: is_any_planet_under_threat
DEBUG:root:Result: Check: is_any_planet_under_threat -> Success
DEBUG:root:Executing:Action: reinforce_if_under_threat
DEBUG:root:Result: Action: reinforce_if_under_threat -> Failure
DEBUG:root:Result: Sequence: Defend Under Threat -> Failure
DEBUG:root:Executing:Sequence: Safe Attack
DEBUG:root:Executing:Check: can_safely_attack
DEBUG:root:Result: Check: can_safely_attack -> Failure
DEBUG:root:Result: Sequence: Safe Attack -> Failure
DEBUG:root:Executing:Sequence: Smart Spread to Neutral
DEBUG:root:Executing:Check: if_neutral_planet_available
DEBUG:root:Result: Check: if_neutral_planet_available -> Success
DEBUG:root:Executing:Action: spread_to_nearest_capturable_neutral
DEBUG:root:Result: Action: spread_to_nearest_capturable_neutral -> Failure
DEBUG:root:Result: Sequence: Smart Spread to Neutral -> Failure
DEBUG:root:Executing:Action: do_nothing
DEBUG:root:Result: Action: do_nothing -> Success
DEBUG:root:Result: Selector: Main Strategy -> Success
DEBUG:root:Finish turn

DEBUG:root:Executing:Selector: Main Strategy
DEBUG:root:Executing:Sequence: Defend Under Threat
DEBUG:root:Executing:Check: is_any_planet_under_threat
DEBUG:root:Result: Check: is_any_planet_under_threat -> Success
DEBUG:root:Executing:Action: reinforce_if_under_threat
DEBUG:root:Result: Action: reinforce_if_under_threat -> Failure
DEBUG:root:Result: Sequence: Defend Under Threat -> Failure
DEBUG:root:Executing:Sequence: Safe Attack
DEBUG:root:Executing:Check: can_safely_attack
DEBUG:root:Result: Check: can_safely_attack -> Failure
DEBUG:root:Result: Sequence: Safe Attack -> Failure
DEBUG:root:Executing:Sequence: Smart Spread to Neutral
DEBUG:root:Executing:Check: if_neutral_planet_available
DEBUG:root:Result: Check: if_neutral_planet_available -> Success
DEBUG:root:Executing:Action: spread_to_nearest_capturable_neutral
DEBUG:root:Result: Action: spread_to_nearest_capturable_neutral -> Failure
DEBUG:root:Result: Sequence: Smart Spread to Neutral -> Failure
DEBUG:root:Executing:Action: do_nothing
DEBUG:root:Result: Action: do_nothing -> Success
DEBUG:root:Result: Selector: Main Strategy -> Success
DEBUG:root:Finish turn

DEBUG:root:Executing:Selector: Main Strategy
DEBUG:root:Executing:Sequence: Defend Under Threat
DEBUG:root:Executing:Check: is_any_planet_under_threat
DEBUG:root:Result: Check: is_any_planet_under_threat -> Success
DEBUG:root:Executing:Action: reinforce_if_under_threat
DEBUG:root:Result: Action: reinforce_if_under_threat -> Failure
DEBUG:root:Result: Sequence: Defend Under Threat -> Failure
DEBUG:root:Executing:Sequence: Safe Attack
DEBUG:root:Executing:Check: can_safely_attack
DEBUG:root:Result: Check: can_safely_attack -> Failure
DEBUG:root:Result: Sequence: Safe Attack -> Failure
DEBUG:root:Executing:Sequence: Smart Spread to Neutral
DEBUG:root:Executing:Check: if_neutral_planet_available
DEBUG:root:Result: Check: if_neutral_planet_available -> Success
DEBUG:root:Executing:Action: spread_to_nearest_capturable_neutral
DEBUG:root:Result: Action: spread_to_nearest_capturable_neutral -> Failure
DEBUG:root:Result: Sequence: Smart Spread to Neutral -> Failure
DEBUG:root:Executing:Action: do_nothing
DEBUG:root:Result: Action: do_nothing -> Success
DEBUG:root:Result: Selector: Main Strategy -> Success
DEBUG:root:Finish turn

DEBUG:root:Executing:Selector: Main Strategy
DEBUG:root:Executing:Sequence: Defend Under Threat
DEBUG:root:Executing:Check: is_any_planet_under_threat
DEBUG:root:Result: Check: is_any_planet_under_threat -> Failure
DEBUG:root:Result: Sequence: Defend Under Threat -> Failure
DEBUG:root:Executing:Sequence: Safe Attack
DEBUG:root:Executing:Check: can_safely_attack
DEBUG:root:Result: Check: can_safely_attack -> Success
DEBUG:root:Executing:Action: smart_attack_enemy_planet
DEBUG:root:Order:0 11 24.0
DEBUG:root:Order:12 11 27.0
DEBUG:root:Order:1 11 44.0
DEBUG:root:Order:10 11 15.0
DEBUG:root:Bad order:0 10.0 23
DEBUG:root:Bad order:0 10.0 17
DEBUG:root:Bad order:0 10.0 20
DEBUG:root:Bad order:0 10.0 24.0
DEBUG:root:Bad order:12 10.0 17.0
DEBUG:root:Result: Action: smart_attack_enemy_planet -> Success
DEBUG:root:Result: Sequence: Safe Attack -> Success
DEBUG:root:Result: Selector: Main Strategy -> Success
DEBUG:root:Finish turn

DEBUG:root:Executing:Selector: Main Strategy
DEBUG:root:Executing:Sequence: Defend Under Threat
DEBUG:root:Executing:Check: is_any_planet_under_threat
DEBUG:root:Result: Check: is_any_planet_under_threat -> Success
DEBUG:root:Executing:Action: reinforce_if_under_threat
DEBUG:root:Result: Action: reinforce_if_under_threat -> Failure
DEBUG:root:Result: Sequence: Defend Under Threat -> Failure
DEBUG:root:Executing:Sequence: Safe Attack
DEBUG:root:Executing:Check: can_safely_attack
DEBUG:root:Result: Check: can_safely_attack -> Failure
DEBUG:root:Result: Sequence: Safe Attack -> Failure
DEBUG:root:Executing:Sequence: Smart Spread to Neutral
DEBUG:root:Executing:Check: if_neutral_planet_available
DEBUG:root:Result: Check: if_neutral_planet_available -> Success
DEBUG:root:Executing:Action: spread_to_nearest_capturable_neutral
DEBUG:root:Result: Action: spread_to_nearest_capturable_neutral -> Failure
DEBUG:root:Result: Sequence: Smart Spread to Neutral -> Failure
DEBUG:root:Executing:Action: do_nothing
DEBUG:root:Result: Action: do_nothing -> Success
DEBUG:root:Result: Selector: Main Strategy -> Success
DEBUG:root:Finish turn

DEBUG:root:Executing:Selector: Main Strategy
DEBUG:root:Executing:Sequence: Defend Under Threat
DEBUG:root:Executing:Check: is_any_planet_under_threat
DEBUG:root:Result: Check: is_any_planet_under_threat -> Failure
DEBUG:root:Result: Sequence: Defend Under Threat -> Failure
DEBUG:root:Executing:Sequence: Safe Attack
DEBUG:root:Executing:Check: can_safely_attack
DEBUG:root:Result: Check: can_safely_attack -> Failure
DEBUG:root:Result: Sequence: Safe Attack -> Failure
DEBUG:root:Executing:Sequence: Smart Spread to Neutral
DEBUG:root:Executing:Check: if_neutral_planet_available
DEBUG:root:Result: Check: if_neutral_planet_available -> Success
DEBUG:root:Executing:Action: spread_to_nearest_capturable_neutral
DEBUG:root:Result: Action: spread_to_nearest_capturable_neutral -> Failure
DEBUG:root:Result: Sequence: Smart Spread to Neutral -> Failure
DEBUG:root:Executing:Action: do_nothing
DEBUG:root:Result: Action: do_nothing -> Success
DEBUG:root:Result: Selector: Main Strategy -> Success
DEBUG:root:Finish turn

DEBUG:root:Executing:Selector: Main Strategy
DEBUG:root:Executing:Sequence: Defend Under Threat
DEBUG:root:Executing:Check: is_any_planet_under_threat
DEBUG:root:Result: Check: is_any_planet_under_threat -> Failure
DEBUG:root:Result: Sequence: Defend Under Threat -> Failure
DEBUG:root:Executing:Sequence: Safe Attack
DEBUG:root:Executing:Check: can_safely_attack
DEBUG:root:Result: Check: can_safely_attack -> Failure
DEBUG:root:Result: Sequence: Safe Attack -> Failure
DEBUG:root:Executing:Sequence: Smart Spread to Neutral
DEBUG:root:Executing:Check: if_neutral_planet_available
DEBUG:root:Result: Check: if_neutral_planet_available -> Success
DEBUG:root:Executing:Action: spread_to_nearest_capturable_neutral
DEBUG:root:Result: Action: spread_to_nearest_capturable_neutral -> Failure
DEBUG:root:Result: Sequence: Smart Spread to Neutral -> Failure
DEBUG:root:Executing:Action: do_nothing
DEBUG:root:Result: Action: do_nothing -> Success
DEBUG:root:Result: Selector: Main Strategy -> Success
DEBUG:root:Finish turn

DEBUG:root:Executing:Selector: Main Strategy
DEBUG:root:Executing:Sequence: Defend Under Threat
DEBUG:root:Executing:Check: is_any_planet_under_threat
DEBUG:root:Result: Check: is_any_planet_under_threat -> Failure
DEBUG:root:Result: Sequence: Defend Under Threat -> Failure
DEBUG:root:Executing:Sequence: Safe Attack
DEBUG:root:Executing:Check: can_safely_attack
DEBUG:root:Result: Check: can_safely_attack -> Failure
DEBUG:root:Result: Sequence: Safe Attack -> Failure
DEBUG:root:Executing:Sequence: Smart Spread to Neutral
DEBUG:root:Executing:Check: if_neutral_planet_available
DEBUG:root:Result: Check: if_neutral_planet_available -> Success
DEBUG:root:Executing:Action: spread_to_nearest_capturable_neutral
DEBUG:root:Result: Action: spread_to_nearest_capturable_neutral -> Failure
DEBUG:root:Result: Sequence: Smart Spread to Neutral -> Failure
DEBUG:root:Executing:Action: do_nothing
DEBUG:root:Result: Action: do_nothing -> Success
DEBUG:root:Result: Selector: Main Strategy -> Success
DEBUG:root:Finish turn

DEBUG:root:Executing:Selector: Main Strategy
DEBUG:root:Executing:Sequence: Defend Under Threat
DEBUG:root:Executing:Check: is_any_planet_under_threat
DEBUG:root:Result: Check: is_any_planet_under_threat -> Failure
DEBUG:root:Result: Sequence: Defend Under Threat -> Failure
DEBUG:root:Executing:Sequence: Safe Attack
DEBUG:root:Executing:Check: can_safely_attack
DEBUG:root:Result: Check: can_safely_attack -> Success
DEBUG:root:Executing:Action: smart_attack_enemy_planet
DEBUG:root:Order:1 10 24
DEBUG:root:Order:12 17 8
DEBUG:root:Bad order:1 11.0 25.0
DEBUG:root:Order:12 18 6.0
DEBUG:root:Bad order:12 21.0 25.0
DEBUG:root:Order:6 9 14.0
DEBUG:root:Bad order:1 11.0 12.0
DEBUG:root:Bad order:12 21.0 25.0
DEBUG:root:Order:1 5 9.0
DEBUG:root:Result: Action: smart_attack_enemy_planet -> Success
DEBUG:root:Result: Sequence: Safe Attack -> Success
DEBUG:root:Result: Selector: Main Strategy -> Success
DEBUG:root:Finish turn

DEBUG:root:Executing:Selector: Main Strategy
DEBUG:root:Executing:Sequence: Defend Under Threat
DEBUG:root:Executing:Check: is_any_planet_under_threat
DEBUG:root:Result: Check: is_any_planet_under_threat -> Failure
DEBUG:root:Result: Sequence: Defend Under Threat -> Failure
DEBUG:root:Executing:Sequence: Safe Attack
DEBUG:root:Executing:Check: can_safely_attack
DEBUG:root:Result: Check: can_safely_attack -> Failure
DEBUG:root:Result: Sequence: Safe Attack -> Failure
DEBUG:root:Executing:Sequence: Smart Spread to Neutral
DEBUG:root:Executing:Check: if_neutral_planet_available
DEBUG:root:Result: Check: if_neutral_planet_available -> Success
DEBUG:root:Executing:Action: spread_to_nearest_capturable_neutral
DEBUG:root:Result: Action: spread_to_nearest_capturable_neutral -> Failure
DEBUG:root:Result: Sequence: Smart Spread to Neutral -> Failure
DEBUG:root:Executing:Action: do_nothing
DEBUG:root:Result: Action: do_nothing -> Success
DEBUG:root:Result: Selector: Main Strategy -> Success
DEBUG:root:Finish turn

DEBUG:root:Executing:Selector: Main Strategy
DEBUG:root:Executing:Sequence: Defend Under Threat
DEBUG:root:Executing:Check: is_any_planet_under_threat
DEBUG:root:Result: Check: is_any_planet_under_threat -> Failure
DEBUG:root:Result: Sequence: Defend Under Threat -> Failure
DEBUG:root:Executing:Sequence: Safe Attack
DEBUG:root:Executing:Check: can_safely_attack
DEBUG:root:Result: Check: can_safely_attack -> Failure
DEBUG:root:Result: Sequence: Safe Attack -> Failure
DEBUG:root:Executing:Sequence: Smart Spread to Neutral
DEBUG:root:Executing:Check: if_neutral_planet_available
DEBUG:root:Result: Check: if_neutral_planet_available -> Success
DEBUG:root:Executing:Action: spread_to_nearest_capturable_neutral
DEBUG:root:Result: Action: spread_to_nearest_capturable_neutral -> Failure
DEBUG:root:Result: Sequence: Smart Spread to Neutral -> Failure
DEBUG:root:Executing:Action: do_nothing
DEBUG:root:Result: Action: do_nothing -> Success
DEBUG:root:Result: Selector: Main Strategy -> Success
DEBUG:root:Finish turn

DEBUG:root:Executing:Selector: Main Strategy
DEBUG:root:Executing:Sequence: Defend Under Threat
DEBUG:root:Executing:Check: is_any_planet_under_threat
DEBUG:root:Result: Check: is_any_planet_under_threat -> Failure
DEBUG:root:Result: Sequence: Defend Under Threat -> Failure
DEBUG:root:Executing:Sequence: Safe Attack
DEBUG:root:Executing:Check: can_safely_attack
DEBUG:root:Result: Check: can_safely_attack -> Failure
DEBUG:root:Result: Sequence: Safe Attack -> Failure
DEBUG:root:Executing:Sequence: Smart Spread to Neutral
DEBUG:root:Executing:Check: if_neutral_planet_available
DEBUG:root:Result: Check: if_neutral_planet_available -> Success
DEBUG:root:Executing:Action: spread_to_nearest_capturable_neutral
DEBUG:root:Result: Action: spread_to_nearest_capturable_neutral -> Failure
DEBUG:root:Result: Sequence: Smart Spread to Neutral -> Failure
DEBUG:root:Executing:Action: do_nothing
DEBUG:root:Result: Action: do_nothing -> Success
DEBUG:root:Result: Selector: Main Strategy -> Success
DEBUG:root:Finish turn

DEBUG:root:Executing:Selector: Main Strategy
DEBUG:root:Executing:Sequence: Defend Under Threat
DEBUG:root:Executing:Check: is_any_planet_under_threat
DEBUG:root:Result: Check: is_any_planet_under_threat -> Success
DEBUG:root:Executing:Action: reinforce_if_under_threat
DEBUG:root:Result: Action: reinforce_if_under_threat -> Failure
DEBUG:root:Result: Sequence: Defend Under Threat -> Failure
DEBUG:root:Executing:Sequence: Safe Attack
DEBUG:root:Executing:Check: can_safely_attack
DEBUG:root:Result: Check: can_safely_attack -> Success
DEBUG:root:Executing:Action: smart_attack_enemy_planet
DEBUG:root:Order:1 10 4
DEBUG:root:Order:12 9 31.0
DEBUG:root:Order:1 9 10.0
DEBUG:root:Order:12 11 10
DEBUG:root:Bad order:1 8.0 12.0
DEBUG:root:Bad order:12 0.0 21.0
DEBUG:root:Bad order:1 8.0 12.0
DEBUG:root:Bad order:12 0.0 15.0
DEBUG:root:Bad order:12 0.0 31.0
DEBUG:root:Result: Action: smart_attack_enemy_planet -> Success
DEBUG:root:Result: Sequence: Safe Attack -> Success
DEBUG:root:Result: Selector: Main Strategy -> Success
DEBUG:root:Finish turn

DEBUG:root:Executing:Selector: Main Strategy
DEBUG:root:Executing:Sequence: Defend Under Threat
DEBUG:root:Executing:Check: is_any_planet_under_threat
DEBUG:root:Result: Check: is_any_planet_under_threat -> Success
DEBUG:root:Executing:Action: reinforce_if_under_threat
DEBUG:root:Result: Action: reinforce_if_under_threat -> Failure
DEBUG:root:Result: Sequence: Defend Under Threat -> Failure
DEBUG:root:Executing:Sequence: Safe Attack
DEBUG:root:Executing:Check: can_safely_attack
DEBUG:root:Result: Check: can_safely_attack -> Failure
DEBUG:root:Result: Sequence: Safe Attack -> Failure
DEBUG:root:Executing:Sequence: Smart Spread to Neutral
DEBUG:root:Executing:Check: if_neutral_planet_available
DEBUG:root:Result: Check: if_neutral_planet_available -> Success
DEBUG:root:Executing:Action: spread_to_nearest_capturable_neutral
DEBUG:root:Result: Action: spread_to_nearest_capturable_neutral -> Failure
DEBUG:root:Result: Sequence: Smart Spread to Neutral -> Failure
DEBUG:root:Executing:Action: do_nothing
DEBUG:root:Result: Action: do_nothing -> Success
DEBUG:root:Result: Selector: Main Strategy -> Success
DEBUG:root:Finish turn

DEBUG:root:Executing:Selector: Main Strategy
DEBUG:root:Executing:Sequence: Defend Under Threat
DEBUG:root:Executing:Check: is_any_planet_under_threat
DEBUG:root:Result: Check: is_any_planet_under_threat -> Success
DEBUG:root:Executing:Action: reinforce_if_under_threat
DEBUG:root:Result: Action: reinforce_if_under_threat -> Failure
DEBUG:root:Result: Sequence: Defend Under Threat -> Failure
DEBUG:root:Executing:Sequence: Safe Attack
DEBUG:root:Executing:Check: can_safely_attack
DEBUG:root:Result: Check: can_safely_attack -> Failure
DEBUG:root:Result: Sequence: Safe Attack -> Failure
DEBUG:root:Executing:Sequence: Smart Spread to Neutral
DEBUG:root:Executing:Check: if_neutral_planet_available
DEBUG:root:Result: Check: if_neutral_planet_available -> Success
DEBUG:root:Executing:Action: spread_to_nearest_capturable_neutral
DEBUG:root:Result: Action: spread_to_nearest_capturable_neutral -> Failure
DEBUG:root:Result: Sequence: Smart Spread to Neutral -> Failure
DEBUG:root:Executing:Action: do_nothing
DEBUG:root:Result: Action: do_nothing -> Success
DEBUG:root:Result: Selector: Main Strategy -> Success
DEBUG:root:Finish turn

DEBUG:root:Executing:Selector: Main Strategy
DEBUG:root:Executing:Sequence: Defend Under Threat
DEBUG:root:Executing:Check: is_any_planet_under_threat
DEBUG:root:Result: Check: is_any_planet_under_threat -> Success
DEBUG:root:Executing:Action: reinforce_if_under_threat
DEBUG:root:Result: Action: reinforce_if_under_threat -> Failure
DEBUG:root:Result: Sequence: Defend Under Threat -> Failure
DEBUG:root:Executing:Sequence: Safe Attack
DEBUG:root:Executing:Check: can_safely_attack
DEBUG:root:Result: Check: can_safely_attack -> Failure
DEBUG:root:Result: Sequence: Safe Attack -> Failure
DEBUG:root:Executing:Sequence: Smart Spread to Neutral
DEBUG:root:Executing:Check: if_neutral_planet_available
DEBUG:root:Result: Check: if_neutral_planet_available -> Success
DEBUG:root:Executing:Action: spread_to_nearest_capturable_neutral
DEBUG:root:Result: Action: spread_to_nearest_capturable_neutral -> Failure
DEBUG:root:Result: Sequence: Smart Spread to Neutral -> Failure
DEBUG:root:Executing:Action: do_nothing
DEBUG:root:Result: Action: do_nothing -> Success
DEBUG:root:Result: Selector: Main Strategy -> Success
DEBUG:root:Finish turn

DEBUG:root:Executing:Selector: Main Strategy
DEBUG:root:Executing:Sequence: Defend Under Threat
DEBUG:root:Executing:Check: is_any_planet_under_threat
DEBUG:root:Result: Check: is_any_planet_under_threat -> Success
DEBUG:root:Executing:Action: reinforce_if_under_threat
DEBUG:root:Result: Action: reinforce_if_under_threat -> Failure
DEBUG:root:Result: Sequence: Defend Under Threat -> Failure
DEBUG:root:Executing:Sequence: Safe Attack
DEBUG:root:Executing:Check: can_safely_attack
DEBUG:root:Result: Check: can_safely_attack -> Failure
DEBUG:root:Result: Sequence: Safe Attack -> Failure
DEBUG:root:Executing:Sequence: Smart Spread to Neutral
DEBUG:root:Executing:Check: if_neutral_planet_available
DEBUG:root:Result: Check: if_neutral_planet_available -> Success
DEBUG:root:Executing:Action: spread_to_nearest_capturable_neutral
DEBUG:root:Result: Action: spread_to_nearest_capturable_neutral -> Failure
DEBUG:root:Result: Sequence: Smart Spread to Neutral -> Failure
DEBUG:root:Executing:Action: do_nothing
DEBUG:root:Result: Action: do_nothing -> Success
DEBUG:root:Result: Selector: Main Strategy -> Success
DEBUG:root:Finish turn

DEBUG:root:Executing:Selector: Main Strategy
DEBUG:root:Executing:Sequence: Defend Under Threat
DEBUG:root:Executing:Check: is_any_planet_under_threat
DEBUG:root:Result: Check: is_any_planet_under_threat -> Success
DEBUG:root:Executing:Action: reinforce_if_under_threat
DEBUG:root:Result: Action: reinforce_if_under_threat -> Failure
DEBUG:root:Result: Sequence: Defend Under Threat -> Failure
DEBUG:root:Executing:Sequence: Safe Attack
DEBUG:root:Executing:Check: can_safely_attack
DEBUG:root:Result: Check: can_safely_attack -> Failure
DEBUG:root:Result: Sequence: Safe Attack -> Failure
DEBUG:root:Executing:Sequence: Smart Spread to Neutral
DEBUG:root:Executing:Check: if_neutral_planet_available
DEBUG:root:Result: Check: if_neutral_planet_available -> Success
DEBUG:root:Executing:Action: spread_to_nearest_capturable_neutral
DEBUG:root:Result: Action: spread_to_nearest_capturable_neutral -> Failure
DEBUG:root:Result: Sequence: Smart Spread to Neutral -> Failure
DEBUG:root:Executing:Action: do_nothing
DEBUG:root:Result: Action: do_nothing -> Success
DEBUG:root:Result: Selector: Main Strategy -> Success
DEBUG:root:Finish turn

DEBUG:root:Executing:Selector: Main Strategy
DEBUG:root:Executing:Sequence: Defend Under Threat
DEBUG:root:Executing:Check: is_any_planet_under_threat
DEBUG:root:Result: Check: is_any_planet_under_threat -> Success
DEBUG:root:Executing:Action: reinforce_if_under_threat
DEBUG:root:Result: Action: reinforce_if_under_threat -> Failure
DEBUG:root:Result: Sequence: Defend Under Threat -> Failure
DEBUG:root:Executing:Sequence: Safe Attack
DEBUG:root:Executing:Check: can_safely_attack
DEBUG:root:Result: Check: can_safely_attack -> Failure
DEBUG:root:Result: Sequence: Safe Attack -> Failure
DEBUG:root:Executing:Sequence: Smart Spread to Neutral
DEBUG:root:Executing:Check: if_neutral_planet_available
DEBUG:root:Result: Check: if_neutral_planet_available -> Success
DEBUG:root:Executing:Action: spread_to_nearest_capturable_neutral
DEBUG:root:Result: Action: spread_to_nearest_capturable_neutral -> Failure
DEBUG:root:Result: Sequence: Smart Spread to Neutral -> Failure
DEBUG:root:Executing:Action: do_nothing
DEBUG:root:Result: Action: do_nothing -> Success
DEBUG:root:Result: Selector: Main Strategy -> Success
DEBUG:root:Finish turn

DEBUG:root:Executing:Selector: Main Strategy
DEBUG:root:Executing:Sequence: Defend Under Threat
DEBUG:root:Executing:Check: is_any_planet_under_threat
DEBUG:root:Result: Check: is_any_planet_under_threat -> Success
DEBUG:root:Executing:Action: reinforce_if_under_threat
DEBUG:root:Result: Action: reinforce_if_under_threat -> Failure
DEBUG:root:Result: Sequence: Defend Under Threat -> Failure
DEBUG:root:Executing:Sequence: Safe Attack
DEBUG:root:Executing:Check: can_safely_attack
DEBUG:root:Result: Check: can_safely_attack -> Failure
DEBUG:root:Result: Sequence: Safe Attack -> Failure
DEBUG:root:Executing:Sequence: Smart Spread to Neutral
DEBUG:root:Executing:Check: if_neutral_planet_available
DEBUG:root:Result: Check: if_neutral_planet_available -> Success
DEBUG:root:Executing:Action: spread_to_nearest_capturable_neutral
DEBUG:root:Result: Action: spread_to_nearest_capturable_neutral -> Failure
DEBUG:root:Result: Sequence: Smart Spread to Neutral -> Failure
DEBUG:root:Executing:Action: do_nothing
DEBUG:root:Result: Action: do_nothing -> Success
DEBUG:root:Result: Selector: Main Strategy -> Success
DEBUG:root:Finish turn

DEBUG:root:Executing:Selector: Main Strategy
DEBUG:root:Executing:Sequence: Defend Under Threat
DEBUG:root:Executing:Check: is_any_planet_under_threat
DEBUG:root:Result: Check: is_any_planet_under_threat -> Success
DEBUG:root:Executing:Action: reinforce_if_under_threat
DEBUG:root:Result: Action: reinforce_if_under_threat -> Failure
DEBUG:root:Result: Sequence: Defend Under Threat -> Failure
DEBUG:root:Executing:Sequence: Safe Attack
DEBUG:root:Executing:Check: can_safely_attack
DEBUG:root:Result: Check: can_safely_attack -> Failure
DEBUG:root:Result: Sequence: Safe Attack -> Failure
DEBUG:root:Executing:Sequence: Smart Spread to Neutral
DEBUG:root:Executing:Check: if_neutral_planet_available
DEBUG:root:Result: Check: if_neutral_planet_available -> Success
DEBUG:root:Executing:Action: spread_to_nearest_capturable_neutral
DEBUG:root:Result: Action: spread_to_nearest_capturable_neutral -> Failure
DEBUG:root:Result: Sequence: Smart Spread to Neutral -> Failure
DEBUG:root:Executing:Action: do_nothing
DEBUG:root:Result: Action: do_nothing -> Success
DEBUG:root:Result: Selector: Main Strategy -> Success
DEBUG:root:Finish turn

DEBUG:root:Executing:Selector: Main Strategy
DEBUG:root:Executing:Sequence: Defend Under Threat
DEBUG:root:Executing:Check: is_any_planet_under_threat
DEBUG:root:Result: Check: is_any_planet_under_threat -> Success
DEBUG:root:Executing:Action: reinforce_if_under_threat
DEBUG:root:Result: Action: reinforce_if_under_threat -> Failure
DEBUG:root:Result: Sequence: Defend Under Threat -> Failure
DEBUG:root:Executing:Sequence: Safe Attack
DEBUG:root:Executing:Check: can_safely_attack
DEBUG:root:Result: Check: can_safely_attack -> Success
DEBUG:root:Executing:Action: smart_attack_enemy_planet
DEBUG:root:Order:12 0 35.0
DEBUG:root:Order:17 0 3.0
DEBUG:root:Order:1 0 28.0
DEBUG:root:Order:17 9 3.0
DEBUG:root:Order:12 9 6.0
DEBUG:root:Bad order:1 25.0 43.0
DEBUG:root:Order:10 18 2.0
DEBUG:root:Bad order:12 4.0 6.0
DEBUG:root:Order:17 5 3.0
DEBUG:root:Bad order:12 4.0 29.0
DEBUG:root:Bad order:1 25.0 36
DEBUG:root:Result: Action: smart_attack_enemy_planet -> Success
DEBUG:root:Result: Sequence: Safe Attack -> Success
DEBUG:root:Result: Selector: Main Strategy -> Success
DEBUG:root:Finish turn

DEBUG:root:Executing:Selector: Main Strategy
DEBUG:root:Executing:Sequence: Defend Under Threat
DEBUG:root:Executing:Check: is_any_planet_under_threat
DEBUG:root:Result: Check: is_any_planet_under_threat -> Success
DEBUG:root:Executing:Action: reinforce_if_under_threat
DEBUG:root:Result: Action: reinforce_if_under_threat -> Failure
DEBUG:root:Result: Sequence: Defend Under Threat -> Failure
DEBUG:root:Executing:Sequence: Safe Attack
DEBUG:root:Executing:Check: can_safely_attack
DEBUG:root:Result: Check: can_safely_attack -> Failure
DEBUG:root:Result: Sequence: Safe Attack -> Failure
DEBUG:root:Executing:Sequence: Smart Spread to Neutral
DEBUG:root:Executing:Check: if_neutral_planet_available
DEBUG:root:Result: Check: if_neutral_planet_available -> Success
DEBUG:root:Executing:Action: spread_to_nearest_capturable_neutral
DEBUG:root:Result: Action: spread_to_nearest_capturable_neutral -> Failure
DEBUG:root:Result: Sequence: Smart Spread to Neutral -> Failure
DEBUG:root:Executing:Action: do_nothing
DEBUG:root:Result: Action: do_nothing -> Success
DEBUG:root:Result: Selector: Main Strategy -> Success
DEBUG:root:Finish turn

DEBUG:root:Executing:Selector: Main Strategy
DEBUG:root:Executing:Sequence: Defend Under Threat
DEBUG:root:Executing:Check: is_any_planet_under_threat
DEBUG:root:Result: Check: is_any_planet_under_threat -> Success
DEBUG:root:Executing:Action: reinforce_if_under_threat
DEBUG:root:Result: Action: reinforce_if_under_threat -> Failure
DEBUG:root:Result: Sequence: Defend Under Threat -> Failure
DEBUG:root:Executing:Sequence: Safe Attack
DEBUG:root:Executing:Check: can_safely_attack
DEBUG:root:Result: Check: can_safely_attack -> Failure
DEBUG:root:Result: Sequence: Safe Attack -> Failure
DEBUG:root:Executing:Sequence: Smart Spread to Neutral
DEBUG:root:Executing:Check: if_neutral_planet_available
DEBUG:root:Result: Check: if_neutral_planet_available -> Success
DEBUG:root:Executing:Action: spread_to_nearest_capturable_neutral
DEBUG:root:Result: Action: spread_to_nearest_capturable_neutral -> Failure
DEBUG:root:Result: Sequence: Smart Spread to Neutral -> Failure
DEBUG:root:Executing:Action: do_nothing
DEBUG:root:Result: Action: do_nothing -> Success
DEBUG:root:Result: Selector: Main Strategy -> Success
DEBUG:root:Finish turn

DEBUG:root:Executing:Selector: Main Strategy
DEBUG:root:Executing:Sequence: Defend Under Threat
DEBUG:root:Executing:Check: is_any_planet_under_threat
DEBUG:root:Result: Check: is_any_planet_under_threat -> Success
DEBUG:root:Executing:Action: reinforce_if_under_threat
DEBUG:root:Result: Action: reinforce_if_under_threat -> Failure
DEBUG:root:Result: Sequence: Defend Under Threat -> Failure
DEBUG:root:Executing:Sequence: Safe Attack
DEBUG:root:Executing:Check: can_safely_attack
DEBUG:root:Result: Check: can_safely_attack -> Failure
DEBUG:root:Result: Sequence: Safe Attack -> Failure
DEBUG:root:Executing:Sequence: Smart Spread to Neutral
DEBUG:root:Executing:Check: if_neutral_planet_available
DEBUG:root:Result: Check: if_neutral_planet_available -> Success
DEBUG:root:Executing:Action: spread_to_nearest_capturable_neutral
DEBUG:root:Result: Action: spread_to_nearest_capturable_neutral -> Failure
DEBUG:root:Result: Sequence: Smart Spread to Neutral -> Failure
DEBUG:root:Executing:Action: do_nothing
DEBUG:root:Result: Action: do_nothing -> Success
DEBUG:root:Result: Selector: Main Strategy -> Success
DEBUG:root:Finish turn

DEBUG:root:Executing:Selector: Main Strategy
DEBUG:root:Executing:Sequence: Defend Under Threat
DEBUG:root:Executing:Check: is_any_planet_under_threat
DEBUG:root:Result: Check: is_any_planet_under_threat -> Failure
DEBUG:root:Result: Sequence: Defend Under Threat -> Failure
DEBUG:root:Executing:Sequence: Safe Attack
DEBUG:root:Executing:Check: can_safely_attack
DEBUG:root:Result: Check: can_safely_attack -> Failure
DEBUG:root:Result: Sequence: Safe Attack -> Failure
DEBUG:root:Executing:Sequence: Smart Spread to Neutral
DEBUG:root:Executing:Check: if_neutral_planet_available
DEBUG:root:Result: Check: if_neutral_planet_available -> Success
DEBUG:root:Executing:Action: spread_to_nearest_capturable_neutral
DEBUG:root:Result: Action: spread_to_nearest_capturable_neutral -> Failure
DEBUG:root:Result: Sequence: Smart Spread to Neutral -> Failure
DEBUG:root:Executing:Action: do_nothing
DEBUG:root:Result: Action: do_nothing -> Success
DEBUG:root:Result: Selector: Main Strategy -> Success
DEBUG:root:Finish turn

DEBUG:root:Executing:Selector: Main Strategy
DEBUG:root:Executing:Sequence: Defend Under Threat
DEBUG:root:Executing:Check: is_any_planet_under_threat
DEBUG:root:Result: Check: is_any_planet_under_threat -> Failure
DEBUG:root:Result: Sequence: Defend Under Threat -> Failure
DEBUG:root:Executing:Sequence: Safe Attack
DEBUG:root:Executing:Check: can_safely_attack
DEBUG:root:Result: Check: can_safely_attack -> Failure
DEBUG:root:Result: Sequence: Safe Attack -> Failure
DEBUG:root:Executing:Sequence: Smart Spread to Neutral
DEBUG:root:Executing:Check: if_neutral_planet_available
DEBUG:root:Result: Check: if_neutral_planet_available -> Success
DEBUG:root:Executing:Action: spread_to_nearest_capturable_neutral
DEBUG:root:Result: Action: spread_to_nearest_capturable_neutral -> Failure
DEBUG:root:Result: Sequence: Smart Spread to Neutral -> Failure
DEBUG:root:Executing:Action: do_nothing
DEBUG:root:Result: Action: do_nothing -> Success
DEBUG:root:Result: Selector: Main Strategy -> Success
DEBUG:root:Finish turn

DEBUG:root:Executing:Selector: Main Strategy
DEBUG:root:Executing:Sequence: Defend Under Threat
DEBUG:root:Executing:Check: is_any_planet_under_threat
DEBUG:root:Result: Check: is_any_planet_under_threat -> Failure
DEBUG:root:Result: Sequence: Defend Under Threat -> Failure
DEBUG:root:Executing:Sequence: Safe Attack
DEBUG:root:Executing:Check: can_safely_attack
DEBUG:root:Result: Check: can_safely_attack -> Failure
DEBUG:root:Result: Sequence: Safe Attack -> Failure
DEBUG:root:Executing:Sequence: Smart Spread to Neutral
DEBUG:root:Executing:Check: if_neutral_planet_available
DEBUG:root:Result: Check: if_neutral_planet_available -> Success
DEBUG:root:Executing:Action: spread_to_nearest_capturable_neutral
DEBUG:root:Result: Action: spread_to_nearest_capturable_neutral -> Failure
DEBUG:root:Result: Sequence: Smart Spread to Neutral -> Failure
DEBUG:root:Executing:Action: do_nothing
DEBUG:root:Result: Action: do_nothing -> Success
DEBUG:root:Result: Selector: Main Strategy -> Success
DEBUG:root:Finish turn

DEBUG:root:Executing:Selector: Main Strategy
DEBUG:root:Executing:Sequence: Defend Under Threat
DEBUG:root:Executing:Check: is_any_planet_under_threat
DEBUG:root:Result: Check: is_any_planet_under_threat -> Failure
DEBUG:root:Result: Sequence: Defend Under Threat -> Failure
DEBUG:root:Executing:Sequence: Safe Attack
DEBUG:root:Executing:Check: can_safely_attack
DEBUG:root:Result: Check: can_safely_attack -> Success
DEBUG:root:Executing:Action: smart_attack_enemy_planet
DEBUG:root:Order:12 17 29.0
DEBUG:root:Order:11 17 6.0
DEBUG:root:Order:1 18 50.0
DEBUG:root:Order:10 18 7.0
DEBUG:root:Order:11 18 2.0
DEBUG:root:Order:11 21 34.0
DEBUG:root:Order:10 21 7.0
DEBUG:root:Order:1 21 9.0
DEBUG:root:Bad order:11 2.0 30
DEBUG:root:Bad order:1 1.0 43
DEBUG:root:Result: Action: smart_attack_enemy_planet -> Success
DEBUG:root:Result: Sequence: Safe Attack -> Success
DEBUG:root:Result: Selector: Main Strategy -> Success
DEBUG:root:Finish turn

DEBUG:root:Executing:Selector: Main Strategy
DEBUG:root:Executing:Sequence: Defend Under Threat
DEBUG:root:Executing:Check: is_any_planet_under_threat
DEBUG:root:Result: Check: is_any_planet_under_threat -> Success
DEBUG:root:Executing:Action: reinforce_if_under_threat
DEBUG:root:Order:1 10 5.0
DEBUG:root:Result: Action: reinforce_if_under_threat -> Success
DEBUG:root:Result: Sequence: Defend Under Threat -> Success
DEBUG:root:Result: Selector: Main Strategy -> Success
DEBUG:root:Finish turn

DEBUG:root:Executing:Selector: Main Strategy
DEBUG:root:Executing:Sequence: Defend Under Threat
DEBUG:root:Executing:Check: is_any_planet_under_threat
DEBUG:root:Result: Check: is_any_planet_under_threat -> Success
DEBUG:root:Executing:Action: reinforce_if_under_threat
DEBUG:root:Order:1 10 5.0
DEBUG:root:Result: Action: reinforce_if_under_threat -> Success
DEBUG:root:Result: Sequence: Defend Under Threat -> Success
DEBUG:root:Result: Selector: Main Strategy -> Success
DEBUG:root:Finish turn

DEBUG:root:Executing:Selector: Main Strategy
DEBUG:root:Executing:Sequence: Defend Under Threat
DEBUG:root:Executing:Check: is_any_planet_under_threat
DEBUG:root:Result: Check: is_any_planet_under_threat -> Success
DEBUG:root:Executing:Action: reinforce_if_under_threat
DEBUG:root:Order:1 10 5
DEBUG:root:Result: Action: reinforce_if_under_threat -> Success
DEBUG:root:Result: Sequence: Defend Under Threat -> Success
DEBUG:root:Result: Selector: Main Strategy -> Success
DEBUG:root:Finish turn

DEBUG:root:Executing:Selector: Main Strategy
DEBUG:root:Executing:Sequence: Defend Under Threat
DEBUG:root:Executing:Check: is_any_planet_under_threat
DEBUG:root:Result: Check: is_any_planet_under_threat -> Success
DEBUG:root:Executing:Action: reinforce_if_under_threat
DEBUG:root:Result: Action: reinforce_if_under_threat -> Failure
DEBUG:root:Result: Sequence: Defend Under Threat -> Failure
DEBUG:root:Executing:Sequence: Safe Attack
DEBUG:root:Executing:Check: can_safely_attack
DEBUG:root:Result: Check: can_safely_attack -> Success
DEBUG:root:Executing:Action: smart_attack_enemy_planet
DEBUG:root:Order:12 17 4
DEBUG:root:Order:11 21 3
DEBUG:root:Order:12 9 1
DEBUG:root:Result: Action: smart_attack_enemy_planet -> Success
DEBUG:root:Result: Sequence: Safe Attack -> Success
DEBUG:root:Result: Selector: Main Strategy -> Success
DEBUG:root:Finish turn

DEBUG:root:Executing:Selector: Main Strategy
DEBUG:root:Executing:Sequence: Defend Under Threat
DEBUG:root:Executing:Check: is_any_planet_under_threat
DEBUG:root:Result: Check: is_any_planet_under_threat -> Success
DEBUG:root:Executing:Action: reinforce_if_under_threat
DEBUG:root:Result: Action: reinforce_if_under_threat -> Failure
DEBUG:root:Result: Sequence: Defend Under Threat -> Failure
DEBUG:root:Executing:Sequence: Safe Attack
DEBUG:root:Executing:Check: can_safely_attack
DEBUG:root:Result: Check: can_safely_attack -> Success
DEBUG:root:Executing:Action: smart_attack_enemy_planet
DEBUG:root:Order:12 17 2
DEBUG:root:Order:11 21 3
DEBUG:root:Order:12 9 1
DEBUG:root:Result: Action: smart_attack_enemy_planet -> Success
DEBUG:root:Result: Sequence: Safe Attack -> Success
DEBUG:root:Result: Selector: Main Strategy -> Success
DEBUG:root:Finish turn

DEBUG:root:Executing:Selector: Main Strategy
DEBUG:root:Executing:Sequence: Defend Under Threat
DEBUG:root:Executing:Check: is_any_planet_under_threat
DEBUG:root:Result: Check: is_any_planet_under_threat -> Success
DEBUG:root:Executing:Action: reinforce_if_under_threat
DEBUG:root:Result: Action: reinforce_if_under_threat -> Failure
DEBUG:root:Result: Sequence: Defend Under Threat -> Failure
DEBUG:root:Executing:Sequence: Safe Attack
DEBUG:root:Executing:Check: can_safely_attack
DEBUG:root:Result: Check: can_safely_attack -> Success
DEBUG:root:Executing:Action: smart_attack_enemy_planet
DEBUG:root:Order:12 17 2
DEBUG:root:Order:11 21 3
DEBUG:root:Order:12 9 1
DEBUG:root:Result: Action: smart_attack_enemy_planet -> Success
DEBUG:root:Result: Sequence: Safe Attack -> Success
DEBUG:root:Result: Selector: Main Strategy -> Success
DEBUG:root:Finish turn

DEBUG:root:Executing:Selector: Main Strategy
DEBUG:root:Executing:Sequence: Defend Under Threat
DEBUG:root:Executing:Check: is_any_planet_under_threat
DEBUG:root:Result: Check: is_any_planet_under_threat -> Success
DEBUG:root:Executing:Action: reinforce_if_under_threat
DEBUG:root:Order:11 0 3
DEBUG:root:Result: Action: reinforce_if_under_threat -> Success
DEBUG:root:Result: Sequence: Defend Under Threat -> Success
DEBUG:root:Result: Selector: Main Strategy -> Success
DEBUG:root:Finish turn

DEBUG:root:Executing:Selector: Main Strategy
DEBUG:root:Executing:Sequence: Defend Under Threat
DEBUG:root:Executing:Check: is_any_planet_under_threat
DEBUG:root:Result: Check: is_any_planet_under_threat -> Success
DEBUG:root:Executing:Action: reinforce_if_under_threat
DEBUG:root:Result: Action: reinforce_if_under_threat -> Failure
DEBUG:root:Result: Sequence: Defend Under Threat -> Failure
DEBUG:root:Executing:Sequence: Safe Attack
DEBUG:root:Executing:Check: can_safely_attack
DEBUG:root:Result: Check: can_safely_attack -> Success
DEBUG:root:Executing:Action: smart_attack_enemy_planet
DEBUG:root:Order:0 11 3.0
DEBUG:root:Order:12 11 29.0
DEBUG:root:Order:18 11 17.0
DEBUG:root:Order:0 17 3.0
DEBUG:root:Order:9 17 1.0
DEBUG:root:Order:1 6 16.0
DEBUG:root:Bad order:12 10.0 11.0
DEBUG:root:Order:0 5 3.0
DEBUG:root:Order:9 5 2.0
DEBUG:root:Bad order:18 29.0 36.0
DEBUG:root:Order:12 5 3.0
DEBUG:root:Result: Action: smart_attack_enemy_planet -> Success
DEBUG:root:Result: Sequence: Safe Attack -> Success
DEBUG:root:Result: Selector: Main Strategy -> Success
DEBUG:root:Finish turn

DEBUG:root:Executing:Selector: Main Strategy
DEBUG:root:Executing:Sequence: Defend Under Threat
DEBUG:root:Executing:Check: is_any_planet_under_threat
DEBUG:root:Result: Check: is_any_planet_under_threat -> Success
DEBUG:root:Executing:Action: reinforce_if_under_threat
DEBUG:root:Order:12 0 9
DEBUG:root:Result: Action: reinforce_if_under_threat -> Success
DEBUG:root:Result: Sequence: Defend Under Threat -> Success
DEBUG:root:Result: Selector: Main Strategy -> Success
DEBUG:root:Finish turn

DEBUG:root:Executing:Selector: Main Strategy
DEBUG:root:Executing:Sequence: Defend Under Threat
DEBUG:root:Executing:Check: is_any_planet_under_threat
DEBUG:root:Result: Check: is_any_planet_under_threat -> Success
DEBUG:root:Executing:Action: reinforce_if_under_threat
DEBUG:root:Result: Action: reinforce_if_under_threat -> Failure
DEBUG:root:Result: Sequence: Defend Under Threat -> Failure
DEBUG:root:Executing:Sequence: Safe Attack
DEBUG:root:Executing:Check: can_safely_attack
DEBUG:root:Result: Check: can_safely_attack -> Success
DEBUG:root:Executing:Action: smart_attack_enemy_planet
DEBUG:root:Order:18 11 10
DEBUG:root:Order:18 21 3
DEBUG:root:Order:1 6 10.0
DEBUG:root:Order:18 6 7.0
DEBUG:root:Result: Action: smart_attack_enemy_planet -> Success
DEBUG:root:Result: Sequence: Safe Attack -> Success
DEBUG:root:Result: Selector: Main Strategy -> Success
DEBUG:root:Finish turn

DEBUG:root:Executing:Selector: Main Strategy
DEBUG:root:Executing:Sequence: Defend Under Threat
DEBUG:root:Executing:Check: is_any_planet_under_threat
DEBUG:root:Result: Check: is_any_planet_under_threat -> Success
DEBUG:root:Executing:Action: reinforce_if_under_threat
DEBUG:root:Order:1 10 3
DEBUG:root:Result: Action: reinforce_if_under_threat -> Success
DEBUG:root:Result: Sequence: Defend Under Threat -> Success
DEBUG:root:Result: Selector: Main Strategy -> Success
DEBUG:root:Finish turn

DEBUG:root:Executing:Selector: Main Strategy
DEBUG:root:Executing:Sequence: Defend Under Threat
DEBUG:root:Executing:Check: is_any_planet_under_threat
DEBUG:root:Result: Check: is_any_planet_under_threat -> Success
DEBUG:root:Executing:Action: reinforce_if_under_threat
DEBUG:root:Result: Action: reinforce_if_under_threat -> Failure
DEBUG:root:Result: Sequence: Defend Under Threat -> Failure
DEBUG:root:Executing:Sequence: Safe Attack
DEBUG:root:Executing:Check: can_safely_attack
DEBUG:root:Result: Check: can_safely_attack -> Failure
DEBUG:root:Result: Sequence: Safe Attack -> Failure
DEBUG:root:Executing:Sequence: Smart Spread to Neutral
DEBUG:root:Executing:Check: if_neutral_planet_available
DEBUG:root:Result: Check: if_neutral_planet_available -> Success
DEBUG:root:Executing:Action: spread_to_nearest_capturable_neutral
DEBUG:root:Result: Action: spread_to_nearest_capturable_neutral -> Failure
DEBUG:root:Result: Sequence: Smart Spread to Neutral -> Failure
DEBUG:root:Executing:Action: do_nothing
DEBUG:root:Result: Action: do_nothing -> Success
DEBUG:root:Result: Selector: Main Strategy -> Success
DEBUG:root:Finish turn

DEBUG:root:Executing:Selector: Main Strategy
DEBUG:root:Executing:Sequence: Defend Under Threat
DEBUG:root:Executing:Check: is_any_planet_under_threat
DEBUG:root:Result: Check: is_any_planet_under_threat -> Success
DEBUG:root:Executing:Action: reinforce_if_under_threat
DEBUG:root:Result: Action: reinforce_if_under_threat -> Failure
DEBUG:root:Result: Sequence: Defend Under Threat -> Failure
DEBUG:root:Executing:Sequence: Safe Attack
DEBUG:root:Executing:Check: can_safely_attack
DEBUG:root:Result: Check: can_safely_attack -> Success
DEBUG:root:Executing:Action: smart_attack_enemy_planet
DEBUG:root:Order:1 6 6
DEBUG:root:Order:0 5 13
DEBUG:root:Result: Action: smart_attack_enemy_planet -> Success
DEBUG:root:Result: Sequence: Safe Attack -> Success
DEBUG:root:Result: Selector: Main Strategy -> Success
DEBUG:root:Finish turn

DEBUG:root:Executing:Selector: Main Strategy
DEBUG:root:Executing:Sequence: Defend Under Threat
DEBUG:root:Executing:Check: is_any_planet_under_threat
DEBUG:root:Result: Check: is_any_planet_under_threat -> Success
DEBUG:root:Executing:Action: reinforce_if_under_threat
DEBUG:root:Result: Action: reinforce_if_under_threat -> Failure
DEBUG:root:Result: Sequence: Defend Under Threat -> Failure
DEBUG:root:Executing:Sequence: Safe Attack
DEBUG:root:Executing:Check: can_safely_attack
DEBUG:root:Result: Check: can_safely_attack -> Failure
DEBUG:root:Result: Sequence: Safe Attack -> Failure
DEBUG:root:Executing:Sequence: Smart Spread to Neutral
DEBUG:root:Executing:Check: if_neutral_planet_available
DEBUG:root:Result: Check: if_neutral_planet_available -> Success
DEBUG:root:Executing:Action: spread_to_nearest_capturable_neutral
DEBUG:root:Result: Action: spread_to_nearest_capturable_neutral -> Failure
DEBUG:root:Result: Sequence: Smart Spread to Neutral -> Failure
DEBUG:root:Executing:Action: do_nothing
DEBUG:root:Result: Action: do_nothing -> Success
DEBUG:root:Result: Selector: Main Strategy -> Success
DEBUG:root:Finish turn

DEBUG:root:Executing:Selector: Main Strategy
DEBUG:root:Executing:Sequence: Defend Under Threat
DEBUG:root:Executing:Check: is_any_planet_under_threat
DEBUG:root:Result: Check: is_any_planet_under_threat -> Success
DEBUG:root:Executing:Action: reinforce_if_under_threat
DEBUG:root:Result: Action: reinforce_if_under_threat -> Failure
DEBUG:root:Result: Sequence: Defend Under Threat -> Failure
DEBUG:root:Executing:Sequence: Safe Attack
DEBUG:root:Executing:Check: can_safely_attack
DEBUG:root:Result: Check: can_safely_attack -> Failure
DEBUG:root:Result: Sequence: Safe Attack -> Failure
DEBUG:root:Executing:Sequence: Smart Spread to Neutral
DEBUG:root:Executing:Check: if_neutral_planet_available
DEBUG:root:Result: Check: if_neutral_planet_available -> Success
DEBUG:root:Executing:Action: spread_to_nearest_capturable_neutral
DEBUG:root:Result: Action: spread_to_nearest_capturable_neutral -> Failure
DEBUG:root:Result: Sequence: Smart Spread to Neutral -> Failure
DEBUG:root:Executing:Action: do_nothing
DEBUG:root:Result: Action: do_nothing -> Success
DEBUG:root:Result: Selector: Main Strategy -> Success
DEBUG:root:Finish turn

DEBUG:root:Executing:Selector: Main Strategy
DEBUG:root:Executing:Sequence: Defend Under Threat
DEBUG:root:Executing:Check: is_any_planet_under_threat
DEBUG:root:Result: Check: is_any_planet_under_threat -> Success
DEBUG:root:Executing:Action: reinforce_if_under_threat
DEBUG:root:Result: Action: reinforce_if_under_threat -> Failure
DEBUG:root:Result: Sequence: Defend Under Threat -> Failure
DEBUG:root:Executing:Sequence: Safe Attack
DEBUG:root:Executing:Check: can_safely_attack
DEBUG:root:Result: Check: can_safely_attack -> Success
DEBUG:root:Executing:Action: smart_attack_enemy_planet
DEBUG:root:Order:9 2 7.0
DEBUG:root:Order:17 2 17.0
DEBUG:root:Order:0 2 17.0
DEBUG:root:Order:11 2 22.0
DEBUG:root:Order:12 2 26.0
DEBUG:root:Result: Action: smart_attack_enemy_planet -> Success
DEBUG:root:Result: Sequence: Safe Attack -> Success
DEBUG:root:Result: Selector: Main Strategy -> Success
DEBUG:root:Finish turn

DEBUG:root:Executing:Selector: Main Strategy
DEBUG:root:Executing:Sequence: Defend Under Threat
DEBUG:root:Executing:Check: is_any_planet_under_threat
DEBUG:root:Result: Check: is_any_planet_under_threat -> Success
DEBUG:root:Executing:Action: reinforce_if_under_threat
DEBUG:root:Result: Action: reinforce_if_under_threat -> Failure
DEBUG:root:Result: Sequence: Defend Under Threat -> Failure
DEBUG:root:Executing:Sequence: Safe Attack
DEBUG:root:Executing:Check: can_safely_attack
DEBUG:root:Result: Check: can_safely_attack -> Failure
DEBUG:root:Result: Sequence: Safe Attack -> Failure
DEBUG:root:Executing:Sequence: Smart Spread to Neutral
DEBUG:root:Executing:Check: if_neutral_planet_available
DEBUG:root:Result: Check: if_neutral_planet_available -> Success
DEBUG:root:Executing:Action: spread_to_nearest_capturable_neutral
DEBUG:root:Result: Action: spread_to_nearest_capturable_neutral -> Failure
DEBUG:root:Result: Sequence: Smart Spread to Neutral -> Failure
DEBUG:root:Executing:Action: do_nothing
DEBUG:root:Result: Action: do_nothing -> Success
DEBUG:root:Result: Selector: Main Strategy -> Success
DEBUG:root:Finish turn

DEBUG:root:Executing:Selector: Main Strategy
DEBUG:root:Executing:Sequence: Defend Under Threat
DEBUG:root:Executing:Check: is_any_planet_under_threat
DEBUG:root:Result: Check: is_any_planet_under_threat -> Success
DEBUG:root:Executing:Action: reinforce_if_under_threat
DEBUG:root:Result: Action: reinforce_if_under_threat -> Failure
DEBUG:root:Result: Sequence: Defend Under Threat -> Failure
DEBUG:root:Executing:Sequence: Safe Attack
DEBUG:root:Executing:Check: can_safely_attack
DEBUG:root:Result: Check: can_safely_attack -> Failure
DEBUG:root:Result: Sequence: Safe Attack -> Failure
DEBUG:root:Executing:Sequence: Smart Spread to Neutral
DEBUG:root:Executing:Check: if_neutral_planet_available
DEBUG:root:Result: Check: if_neutral_planet_available -> Success
DEBUG:root:Executing:Action: spread_to_nearest_capturable_neutral
DEBUG:root:Result: Action: spread_to_nearest_capturable_neutral -> Failure
DEBUG:root:Result: Sequence: Smart Spread to Neutral -> Failure
DEBUG:root:Executing:Action: do_nothing
DEBUG:root:Result: Action: do_nothing -> Success
DEBUG:root:Result: Selector: Main Strategy -> Success
DEBUG:root:Finish turn

DEBUG:root:Executing:Selector: Main Strategy
DEBUG:root:Executing:Sequence: Defend Under Threat
DEBUG:root:Executing:Check: is_any_planet_under_threat
DEBUG:root:Result: Check: is_any_planet_under_threat -> Failure
DEBUG:root:Result: Sequence: Defend Under Threat -> Failure
DEBUG:root:Executing:Sequence: Safe Attack
DEBUG:root:Executing:Check: can_safely_attack
DEBUG:root:Result: Check: can_safely_attack -> Success
DEBUG:root:Executing:Action: smart_attack_enemy_planet
DEBUG:root:Order:11 0 25.0
DEBUG:root:Order:12 0 17.0
DEBUG:root:Order:18 0 14.0
DEBUG:root:Order:9 17 5.0
DEBUG:root:Bad order:12 10.0 17.0
DEBUG:root:Order:11 17 9.0
DEBUG:root:Bad order:11 1.0 3
DEBUG:root:Result: Action: smart_attack_enemy_planet -> Success
DEBUG:root:Result: Sequence: Safe Attack -> Success
DEBUG:root:Result: Selector: Main Strategy -> Success
DEBUG:root:Finish turn

DEBUG:root:Executing:Selector: Main Strategy
DEBUG:root:Executing:Sequence: Defend Under Threat
DEBUG:root:Executing:Check: is_any_planet_under_threat
DEBUG:root:Result: Check: is_any_planet_under_threat -> Success
DEBUG:root:Executing:Action: reinforce_if_under_threat
DEBUG:root:Result: Action: reinforce_if_under_threat -> Failure
DEBUG:root:Result: Sequence: Defend Under Threat -> Failure
DEBUG:root:Executing:Sequence: Safe Attack
DEBUG:root:Executing:Check: can_safely_attack
DEBUG:root:Result: Check: can_safely_attack -> Success
DEBUG:root:Executing:Action: smart_attack_enemy_planet
DEBUG:root:Order:9 17 2.0
DEBUG:root:Order:12 17 5.0
DEBUG:root:Order:18 17 9.0
DEBUG:root:Order:21 17 4.0
DEBUG:root:Order:1 17 15.0
DEBUG:root:Order:21 5 4.0
DEBUG:root:Order:9 5 2.0
DEBUG:root:Order:18 5 3.0
DEBUG:root:Result: Action: smart_attack_enemy_planet -> Success
DEBUG:root:Result: Sequence: Safe Attack -> Success
DEBUG:root:Result: Selector: Main Strategy -> Success
DEBUG:root:Finish turn

DEBUG:root:Executing:Selector: Main Strategy
DEBUG:root:Executing:Sequence: Defend Under Threat
DEBUG:root:Executing:Check: is_any_planet_under_threat
DEBUG:root:Result: Check: is_any_planet_under_threat -> Success
DEBUG:root:Executing:Action: reinforce_if_under_threat
DEBUG:root:Result: Action: reinforce_if_under_threat -> Failure
DEBUG:root:Result: Sequence: Defend Under Threat -> Failure
DEBUG:root:Executing:Sequence: Safe Attack
DEBUG:root:Executing:Check: can_safely_attack
DEBUG:root:Result: Check: can_safely_attack -> Success
DEBUG:root:Executing:Action: smart_attack_enemy_planet
DEBUG:root:Order:11 0 1.0
DEBUG:root:Order:12 0 5.0
DEBUG:root:Order:1 0 12.0
DEBUG:root:Order:11 5 1.0
DEBUG:root:Order:12 5 1.0
DEBUG:root:Order:1 6 1
DEBUG:root:Result: Action: smart_attack_enemy_planet -> Success
DEBUG:root:Result: Sequence: Safe Attack -> Success
DEBUG:root:Result: Selector: Main Strategy -> Success
DEBUG:root:Finish turn

DEBUG:root:Executing:Selector: Main Strategy
DEBUG:root:Executing:Sequence: Defend Under Threat
DEBUG:root:Executing:Check: is_any_planet_under_threat
DEBUG:root:Result: Check: is_any_planet_under_threat -> Success
DEBUG:root:Executing:Action: reinforce_if_under_threat
DEBUG:root:Order:21 18 3
DEBUG:root:Result: Action: reinforce_if_under_threat -> Success
DEBUG:root:Result: Sequence: Defend Under Threat -> Success
DEBUG:root:Result: Selector: Main Strategy -> Success
DEBUG:root:Finish turn

DEBUG:root:Executing:Selector: Main Strategy
DEBUG:root:Executing:Sequence: Defend Under Threat
DEBUG:root:Executing:Check: is_any_planet_under_threat
DEBUG:root:Result: Check: is_any_planet_under_threat -> Success
DEBUG:root:Executing:Action: reinforce_if_under_threat
DEBUG:root:Order:2 9 8.0
DEBUG:root:Result: Action: reinforce_if_under_threat -> Success
DEBUG:root:Result: Sequence: Defend Under Threat -> Success
DEBUG:root:Result: Selector: Main Strategy -> Success
DEBUG:root:Finish turn

DEBUG:root:Executing:Selector: Main Strategy
DEBUG:root:Executing:Sequence: Defend Under Threat
DEBUG:root:Executing:Check: is_any_planet_under_threat
DEBUG:root:Result: Check: is_any_planet_under_threat -> Success
DEBUG:root:Executing:Action: reinforce_if_under_threat
DEBUG:root:Result: Action: reinforce_if_under_threat -> Failure
DEBUG:root:Result: Sequence: Defend Under Threat -> Failure
DEBUG:root:Executing:Sequence: Safe Attack
DEBUG:root:Executing:Check: can_safely_attack
DEBUG:root:Result: Check: can_safely_attack -> Success
DEBUG:root:Executing:Action: smart_attack_enemy_planet
DEBUG:root:Order:10 19 8
DEBUG:root:Order:0 17 16
DEBUG:root:Order:11 5 3
DEBUG:root:Result: Action: smart_attack_enemy_planet -> Success
DEBUG:root:Result: Sequence: Safe Attack -> Success
DEBUG:root:Result: Selector: Main Strategy -> Success
DEBUG:root:Finish turn

DEBUG:root:Executing:Selector: Main Strategy
DEBUG:root:Executing:Sequence: Defend Under Threat
DEBUG:root:Executing:Check: is_any_planet_under_threat
DEBUG:root:Result: Check: is_any_planet_under_threat -> Success
DEBUG:root:Executing:Action: reinforce_if_under_threat
DEBUG:root:Order:1 10 8
DEBUG:root:Result: Action: reinforce_if_under_threat -> Success
DEBUG:root:Result: Sequence: Defend Under Threat -> Success
DEBUG:root:Result: Selector: Main Strategy -> Success
DEBUG:root:Finish turn

DEBUG:root:Executing:Selector: Main Strategy
DEBUG:root:Executing:Sequence: Defend Under Threat
DEBUG:root:Executing:Check: is_any_planet_under_threat
DEBUG:root:Result: Check: is_any_planet_under_threat -> Success
DEBUG:root:Executing:Action: reinforce_if_under_threat
DEBUG:root:Result: Action: reinforce_if_under_threat -> Failure
DEBUG:root:Result: Sequence: Defend Under Threat -> Failure
DEBUG:root:Executing:Sequence: Safe Attack
DEBUG:root:Executing:Check: can_safely_attack
DEBUG:root:Result: Check: can_safely_attack -> Success
DEBUG:root:Executing:Action: smart_attack_enemy_planet
DEBUG:root:Order:0 11 25
DEBUG:root:Order:10 19 2
DEBUG:root:Result: Action: smart_attack_enemy_planet -> Success
DEBUG:root:Result: Sequence: Safe Attack -> Success
DEBUG:root:Result: Selector: Main Strategy -> Success
DEBUG:root:Finish turn

DEBUG:root:Executing:Selector: Main Strategy
DEBUG:root:Executing:Sequence: Defend Under Threat
DEBUG:root:Executing:Check: is_any_planet_under_threat
DEBUG:root:Result: Check: is_any_planet_under_threat -> Success
DEBUG:root:Executing:Action: reinforce_if_under_threat
DEBUG:root:Result: Action: reinforce_if_under_threat -> Failure
DEBUG:root:Result: Sequence: Defend Under Threat -> Failure
DEBUG:root:Executing:Sequence: Safe Attack
DEBUG:root:Executing:Check: can_safely_attack
DEBUG:root:Result: Check: can_safely_attack -> Success
DEBUG:root:Executing:Action: smart_attack_enemy_planet
DEBUG:root:Order:0 11 5
DEBUG:root:Order:10 19 1
DEBUG:root:Result: Action: smart_attack_enemy_planet -> Success
DEBUG:root:Result: Sequence: Safe Attack -> Success
DEBUG:root:Result: Selector: Main Strategy -> Success
DEBUG:root:Finish turn

DEBUG:root:Executing:Selector: Main Strategy
DEBUG:root:Executing:Sequence: Defend Under Threat
DEBUG:root:Executing:Check: is_any_planet_under_threat
DEBUG:root:Result: Check: is_any_planet_under_threat -> Success
DEBUG:root:Executing:Action: reinforce_if_under_threat
DEBUG:root:Result: Action: reinforce_if_under_threat -> Failure
DEBUG:root:Result: Sequence: Defend Under Threat -> Failure
DEBUG:root:Executing:Sequence: Safe Attack
DEBUG:root:Executing:Check: can_safely_attack
DEBUG:root:Result: Check: can_safely_attack -> Failure
DEBUG:root:Result: Sequence: Safe Attack -> Failure
DEBUG:root:Executing:Sequence: Smart Spread to Neutral
DEBUG:root:Executing:Check: if_neutral_planet_available
DEBUG:root:Result: Check: if_neutral_planet_available -> Success
DEBUG:root:Executing:Action: spread_to_nearest_capturable_neutral
DEBUG:root:Order:2 20 56
DEBUG:root:Result: Action: spread_to_nearest_capturable_neutral -> Success
DEBUG:root:Result: Sequence: Smart Spread to Neutral -> Success
DEBUG:root:Result: Selector: Main Strategy -> Success
DEBUG:root:Finish turn

DEBUG:root:Executing:Selector: Main Strategy
DEBUG:root:Executing:Sequence: Defend Under Threat
DEBUG:root:Executing:Check: is_any_planet_under_threat
DEBUG:root:Result: Check: is_any_planet_under_threat -> Success
DEBUG:root:Executing:Action: reinforce_if_under_threat
DEBUG:root:Result: Action: reinforce_if_under_threat -> Failure
DEBUG:root:Result: Sequence: Defend Under Threat -> Failure
DEBUG:root:Executing:Sequence: Safe Attack
DEBUG:root:Executing:Check: can_safely_attack
DEBUG:root:Result: Check: can_safely_attack -> Failure
DEBUG:root:Result: Sequence: Safe Attack -> Failure
DEBUG:root:Executing:Sequence: Smart Spread to Neutral
DEBUG:root:Executing:Check: if_neutral_planet_available
DEBUG:root:Result: Check: if_neutral_planet_available -> Success
DEBUG:root:Executing:Action: spread_to_nearest_capturable_neutral
DEBUG:root:Order:1 22 59
DEBUG:root:Result: Action: spread_to_nearest_capturable_neutral -> Success
DEBUG:root:Result: Sequence: Smart Spread to Neutral -> Success
DEBUG:root:Result: Selector: Main Strategy -> Success
DEBUG:root:Finish turn

DEBUG:root:Executing:Selector: Main Strategy
DEBUG:root:Executing:Sequence: Defend Under Threat
DEBUG:root:Executing:Check: is_any_planet_under_threat
DEBUG:root:Result: Check: is_any_planet_under_threat -> Success
DEBUG:root:Executing:Action: reinforce_if_under_threat
DEBUG:root:Result: Action: reinforce_if_under_threat -> Failure
DEBUG:root:Result: Sequence: Defend Under Threat -> Failure
DEBUG:root:Executing:Sequence: Safe Attack
DEBUG:root:Executing:Check: can_safely_attack
DEBUG:root:Result: Check: can_safely_attack -> Failure
DEBUG:root:Result: Sequence: Safe Attack -> Failure
DEBUG:root:Executing:Sequence: Smart Spread to Neutral
DEBUG:root:Executing:Check: if_neutral_planet_available
DEBUG:root:Result: Check: if_neutral_planet_available -> Success
DEBUG:root:Executing:Action: spread_to_nearest_capturable_neutral
DEBUG:root:Result: Action: spread_to_nearest_capturable_neutral -> Failure
DEBUG:root:Result: Sequence: Smart Spread to Neutral -> Failure
DEBUG:root:Executing:Action: do_nothing
DEBUG:root:Result: Action: do_nothing -> Success
DEBUG:root:Result: Selector: Main Strategy -> Success
DEBUG:root:Finish turn

DEBUG:root:Executing:Selector: Main Strategy
DEBUG:root:Executing:Sequence: Defend Under Threat
DEBUG:root:Executing:Check: is_any_planet_under_threat
DEBUG:root:Result: Check: is_any_planet_under_threat -> Success
DEBUG:root:Executing:Action: reinforce_if_under_threat
DEBUG:root:Result: Action: reinforce_if_under_threat -> Failure
DEBUG:root:Result: Sequence: Defend Under Threat -> Failure
DEBUG:root:Executing:Sequence: Safe Attack
DEBUG:root:Executing:Check: can_safely_attack
DEBUG:root:Result: Check: can_safely_attack -> Failure
DEBUG:root:Result: Sequence: Safe Attack -> Failure
DEBUG:root:Executing:Sequence: Smart Spread to Neutral
DEBUG:root:Executing:Check: if_neutral_planet_available
DEBUG:root:Result: Check: if_neutral_planet_available -> Success
DEBUG:root:Executing:Action: spread_to_nearest_capturable_neutral
DEBUG:root:Result: Action: spread_to_nearest_capturable_neutral -> Failure
DEBUG:root:Result: Sequence: Smart Spread to Neutral -> Failure
DEBUG:root:Executing:Action: do_nothing
DEBUG:root:Result: Action: do_nothing -> Success
DEBUG:root:Result: Selector: Main Strategy -> Success
DEBUG:root:Finish turn

DEBUG:root:Executing:Selector: Main Strategy
DEBUG:root:Executing:Sequence: Defend Under Threat
DEBUG:root:Executing:Check: is_any_planet_under_threat
DEBUG:root:Result: Check: is_any_planet_under_threat -> Success
DEBUG:root:Executing:Action: reinforce_if_under_threat
DEBUG:root:Result: Action: reinforce_if_under_threat -> Failure
DEBUG:root:Result: Sequence: Defend Under Threat -> Failure
DEBUG:root:Executing:Sequence: Safe Attack
DEBUG:root:Executing:Check: can_safely_attack
DEBUG:root:Result: Check: can_safely_attack -> Success
DEBUG:root:Executing:Action: smart_attack_enemy_planet
DEBUG:root:Order:1 10 6.0
DEBUG:root:Order:18 10 3.0
DEBUG:root:Result: Action: smart_attack_enemy_planet -> Success
DEBUG:root:Result: Sequence: Safe Attack -> Success
DEBUG:root:Result: Selector: Main Strategy -> Success
DEBUG:root:Finish turn

DEBUG:root:Executing:Selector: Main Strategy
DEBUG:root:Executing:Sequence: Defend Under Threat
DEBUG:root:Executing:Check: is_any_planet_under_threat
DEBUG:root:Result: Check: is_any_planet_under_threat -> Success
DEBUG:root:Executing:Action: reinforce_if_under_threat
DEBUG:root:Order:21 18 3
DEBUG:root:Result: Action: reinforce_if_under_threat -> Success
DEBUG:root:Result: Sequence: Defend Under Threat -> Success
DEBUG:root:Result: Selector: Main Strategy -> Success
DEBUG:root:Finish turn

DEBUG:root:Executing:Selector: Main Strategy
DEBUG:root:Executing:Sequence: Defend Under Threat
DEBUG:root:Executing:Check: is_any_planet_under_threat
DEBUG:root:Result: Check: is_any_planet_under_threat -> Success
DEBUG:root:Executing:Action: reinforce_if_under_threat
DEBUG:root:Result: Action: reinforce_if_under_threat -> Failure
DEBUG:root:Result: Sequence: Defend Under Threat -> Failure
DEBUG:root:Executing:Sequence: Safe Attack
DEBUG:root:Executing:Check: can_safely_attack
DEBUG:root:Result: Check: can_safely_attack -> Success
DEBUG:root:Executing:Action: smart_attack_enemy_planet
DEBUG:root:Order:1 10 1
DEBUG:root:Result: Action: smart_attack_enemy_planet -> Success
DEBUG:root:Result: Sequence: Safe Attack -> Success
DEBUG:root:Result: Selector: Main Strategy -> Success
DEBUG:root:Finish turn

DEBUG:root:Executing:Selector: Main Strategy
DEBUG:root:Executing:Sequence: Defend Under Threat
DEBUG:root:Executing:Check: is_any_planet_under_threat
DEBUG:root:Result: Check: is_any_planet_under_threat -> Success
DEBUG:root:Executing:Action: reinforce_if_under_threat
DEBUG:root:Result: Action: reinforce_if_under_threat -> Failure
DEBUG:root:Result: Sequence: Defend Under Threat -> Failure
DEBUG:root:Executing:Sequence: Safe Attack
DEBUG:root:Executing:Check: can_safely_attack
DEBUG:root:Result: Check: can_safely_attack -> Success
DEBUG:root:Executing:Action: smart_attack_enemy_planet
DEBUG:root:Result: Action: smart_attack_enemy_planet -> Failure
DEBUG:root:Result: Sequence: Safe Attack -> Failure
DEBUG:root:Executing:Sequence: Smart Spread to Neutral
DEBUG:root:Executing:Check: if_neutral_planet_available
DEBUG:root:Result: Check: if_neutral_planet_available -> Success
DEBUG:root:Executing:Action: spread_to_nearest_capturable_neutral
DEBUG:root:Order:12 14 60
DEBUG:root:Result: Action: spread_to_nearest_capturable_neutral -> Success
DEBUG:root:Result: Sequence: Smart Spread to Neutral -> Success
DEBUG:root:Result: Selector: Main Strategy -> Success
DEBUG:root:Finish turn

DEBUG:root:Executing:Selector: Main Strategy
DEBUG:root:Executing:Sequence: Defend Under Threat
DEBUG:root:Executing:Check: is_any_planet_under_threat
DEBUG:root:Result: Check: is_any_planet_under_threat -> Success
DEBUG:root:Executing:Action: reinforce_if_under_threat
DEBUG:root:Result: Action: reinforce_if_under_threat -> Failure
DEBUG:root:Result: Sequence: Defend Under Threat -> Failure
DEBUG:root:Executing:Sequence: Safe Attack
DEBUG:root:Executing:Check: can_safely_attack
DEBUG:root:Result: Check: can_safely_attack -> Success
DEBUG:root:Executing:Action: smart_attack_enemy_planet
DEBUG:root:Result: Action: smart_attack_enemy_planet -> Failure
DEBUG:root:Result: Sequence: Safe Attack -> Failure
DEBUG:root:Executing:Sequence: Smart Spread to Neutral
DEBUG:root:Executing:Check: if_neutral_planet_available
DEBUG:root:Result: Check: if_neutral_planet_available -> Success
DEBUG:root:Executing:Action: spread_to_nearest_capturable_neutral
DEBUG:root:Order:2 15 60
DEBUG:root:Result: Action: spread_to_nearest_capturable_neutral -> Success
DEBUG:root:Result: Sequence: Smart Spread to Neutral -> Success
DEBUG:root:Result: Selector: Main Strategy -> Success
DEBUG:root:Finish turn

DEBUG:root:Executing:Selector: Main Strategy
DEBUG:root:Executing:Sequence: Defend Under Threat
DEBUG:root:Executing:Check: is_any_planet_under_threat
DEBUG:root:Result: Check: is_any_planet_under_threat -> Success
DEBUG:root:Executing:Action: reinforce_if_under_threat
DEBUG:root:Result: Action: reinforce_if_under_threat -> Failure
DEBUG:root:Result: Sequence: Defend Under Threat -> Failure
DEBUG:root:Executing:Sequence: Safe Attack
DEBUG:root:Executing:Check: can_safely_attack
DEBUG:root:Result: Check: can_safely_attack -> Success
DEBUG:root:Executing:Action: smart_attack_enemy_planet
DEBUG:root:Order:19 10 1
DEBUG:root:Result: Action: smart_attack_enemy_planet -> Success
DEBUG:root:Result: Sequence: Safe Attack -> Success
DEBUG:root:Result: Selector: Main Strategy -> Success
DEBUG:root:Finish turn

DEBUG:root:Executing:Selector: Main Strategy
DEBUG:root:Executing:Sequence: Defend Under Threat
DEBUG:root:Executing:Check: is_any_planet_under_threat
DEBUG:root:Result: Check: is_any_planet_under_threat -> Failure
DEBUG:root:Result: Sequence: Defend Under Threat -> Failure
DEBUG:root:Executing:Sequence: Safe Attack
DEBUG:root:Executing:Check: can_safely_attack
DEBUG:root:Result: Check: can_safely_attack -> Success
DEBUG:root:Executing:Action: smart_attack_enemy_planet
DEBUG:root:Order:19 10 1
DEBUG:root:Result: Action: smart_attack_enemy_planet -> Success
DEBUG:root:Result: Sequence: Safe Attack -> Success
DEBUG:root:Result: Selector: Main Strategy -> Success
DEBUG:root:Finish turn

DEBUG:root:Executing:Selector: Main Strategy
DEBUG:root:Executing:Sequence: Defend Under Threat
DEBUG:root:Executing:Check: is_any_planet_under_threat
DEBUG:root:Result: Check: is_any_planet_under_threat -> Failure
DEBUG:root:Result: Sequence: Defend Under Threat -> Failure
DEBUG:root:Executing:Sequence: Safe Attack
DEBUG:root:Executing:Check: can_safely_attack
DEBUG:root:Result: Check: can_safely_attack -> Failure
DEBUG:root:Result: Sequence: Safe Attack -> Failure
DEBUG:root:Executing:Sequence: Smart Spread to Neutral
DEBUG:root:Executing:Check: if_neutral_planet_available
DEBUG:root:Result: Check: if_neutral_planet_available -> Success
DEBUG:root:Executing:Action: spread_to_nearest_capturable_neutral
DEBUG:root:Order:17 13 60
DEBUG:root:Result: Action: spread_to_nearest_capturable_neutral -> Success
DEBUG:root:Result: Sequence: Smart Spread to Neutral -> Success
DEBUG:root:Result: Selector: Main Strategy -> Success
DEBUG:root:Finish turn

